20:20:41 INFO  : Registering command handlers for SDK TCF services
20:20:42 INFO  : Launching XSCT server: xsct.bat -interactive C:\Users\OAkun\Desktop\CECS460Micro\DetMicroBlazeLec\DetMicroBlazeLec.sdk\temp_xsdb_launch_script.tcl
20:20:47 INFO  : XSCT server has started successfully.
20:20:48 INFO  : Successfully done setting XSCT server connection channel  
20:20:48 INFO  : Successfully done setting SDK workspace  
20:20:48 INFO  : Processing command line option -hwspec C:/Users/OAkun/Desktop/CECS460Micro/DetMicroBlazeLec/DetMicroBlazeLec.sdk/DeterminantMicroBlaze_wrapper.hdf.
20:26:01 INFO  : Connected to target on host '127.0.0.1' and port '3121'.
20:26:03 INFO  : 'targets -set -filter {jtag_cable_name =~ "Digilent Nexys4DDR 210292A8AD8EA" && level==0} -index 0' command is executed.
20:26:05 INFO  : FPGA configured successfully with bitstream "C:/Users/OAkun/Desktop/CECS460Micro/DetMicroBlazeLec/DetMicroBlazeLec.sdk/DeterminantMicroBlaze_wrapper_hw_platform_0/download.bit"
20:26:52 INFO  : 'targets -set -filter {jtag_cable_name =~ "Digilent Nexys4DDR 210292A8AD8EA" && level==0} -index 0' command is executed.
20:26:52 INFO  : 'fpga -state' command is executed.
20:26:52 INFO  : Connected to target on host '127.0.0.1' and port '3121'.
20:26:52 INFO  : Jtag cable 'Digilent Nexys4DDR 210292A8AD8EA' is selected.
20:26:52 INFO  : 'jtag frequency' command is executed.
20:26:52 INFO  : 'configparams mdm-detect-bscan-mask 2' command is executed.
20:26:52 INFO  : Context for processor 'microblaze_0' is selected.
20:26:52 INFO  : Processor reset is completed for 'microblaze_0'.
20:26:52 INFO  : Context for processor 'microblaze_0' is selected.
20:26:52 INFO  : The application 'C:/Users/OAkun/Desktop/CECS460Micro/DetMicroBlazeLec/DetMicroBlazeLec.sdk/MicroBlazeDeterminantLec/Debug/MicroBlazeDeterminantLec.elf' is downloaded to processor 'microblaze_0'.
20:26:52 INFO  : ----------------XSDB Script----------------
connect -url tcp:127.0.0.1:3121
configparams mdm-detect-bscan-mask 2
targets -set -nocase -filter {name =~ "microblaze*#0" && bscan=="USER2"  && jtag_cable_name =~ "Digilent Nexys4DDR 210292A8AD8EA"} -index 0
rst -processor
targets -set -nocase -filter {name =~ "microblaze*#0" && bscan=="USER2"  && jtag_cable_name =~ "Digilent Nexys4DDR 210292A8AD8EA"} -index 0
dow C:/Users/OAkun/Desktop/CECS460Micro/DetMicroBlazeLec/DetMicroBlazeLec.sdk/MicroBlazeDeterminantLec/Debug/MicroBlazeDeterminantLec.elf
----------------End of Script----------------

20:26:53 INFO  : Memory regions updated for context MicroBlaze #0
20:26:53 INFO  : Memory regions updated for context MicroBlaze #0
20:26:53 INFO  : Context for processor 'microblaze_0' is selected.
20:26:53 INFO  : 'con' command is executed.
20:26:53 INFO  : ----------------XSDB Script (After Launch)----------------
targets -set -nocase -filter {name =~ "microblaze*#0" && bscan=="USER2"  && jtag_cable_name =~ "Digilent Nexys4DDR 210292A8AD8EA"} -index 0
con
----------------End of Script----------------

20:26:53 INFO  : Launch script is exported to file 'C:\Users\OAkun\Desktop\CECS460Micro\DetMicroBlazeLec\DetMicroBlazeLec.sdk\.sdk\launch_scripts\xilinx_c-c++_application_(system_debugger)\system_debugger_using_debug_microblazedeterminantlec.elf_on_local.tcl'
20:44:48 INFO  : Disconnected from the channel tcfchan#1.
20:44:50 INFO  : 'targets -set -filter {jtag_cable_name =~ "Digilent Nexys4DDR 210292A8AD8EA" && level==0} -index 0' command is executed.
20:44:50 INFO  : 'fpga -state' command is executed.
20:44:50 INFO  : Connected to target on host '127.0.0.1' and port '3121'.
20:44:50 INFO  : Jtag cable 'Digilent Nexys4DDR 210292A8AD8EA' is selected.
20:44:50 INFO  : 'jtag frequency' command is executed.
20:44:50 INFO  : 'configparams mdm-detect-bscan-mask 2' command is executed.
20:44:50 INFO  : Context for processor 'microblaze_0' is selected.
20:44:50 INFO  : Processor reset is completed for 'microblaze_0'.
20:44:50 INFO  : Context for processor 'microblaze_0' is selected.
20:44:50 INFO  : The application 'C:/Users/OAkun/Desktop/CECS460Micro/DetMicroBlazeLec/DetMicroBlazeLec.sdk/MicroBlazeDeterminantLec/Debug/MicroBlazeDeterminantLec.elf' is downloaded to processor 'microblaze_0'.
20:44:50 INFO  : ----------------XSDB Script----------------
connect -url tcp:127.0.0.1:3121
configparams mdm-detect-bscan-mask 2
targets -set -nocase -filter {name =~ "microblaze*#0" && bscan=="USER2"  && jtag_cable_name =~ "Digilent Nexys4DDR 210292A8AD8EA"} -index 0
rst -processor
targets -set -nocase -filter {name =~ "microblaze*#0" && bscan=="USER2"  && jtag_cable_name =~ "Digilent Nexys4DDR 210292A8AD8EA"} -index 0
dow C:/Users/OAkun/Desktop/CECS460Micro/DetMicroBlazeLec/DetMicroBlazeLec.sdk/MicroBlazeDeterminantLec/Debug/MicroBlazeDeterminantLec.elf
----------------End of Script----------------

20:44:50 INFO  : Memory regions updated for context MicroBlaze #0
20:44:50 INFO  : Memory regions updated for context MicroBlaze #0
20:44:50 INFO  : Context for processor 'microblaze_0' is selected.
20:44:50 INFO  : 'con' command is executed.
20:44:50 INFO  : ----------------XSDB Script (After Launch)----------------
targets -set -nocase -filter {name =~ "microblaze*#0" && bscan=="USER2"  && jtag_cable_name =~ "Digilent Nexys4DDR 210292A8AD8EA"} -index 0
con
----------------End of Script----------------

20:44:50 INFO  : Launch script is exported to file 'C:\Users\OAkun\Desktop\CECS460Micro\DetMicroBlazeLec\DetMicroBlazeLec.sdk\.sdk\launch_scripts\xilinx_c-c++_application_(system_debugger)\system_debugger_using_debug_microblazedeterminantlec.elf_on_local.tcl'
20:46:49 INFO  : Disconnected from the channel tcfchan#2.
20:46:50 INFO  : 'targets -set -filter {jtag_cable_name =~ "Digilent Nexys4DDR 210292A8AD8EA" && level==0} -index 0' command is executed.
20:46:50 INFO  : 'fpga -state' command is executed.
20:46:50 INFO  : Connected to target on host '127.0.0.1' and port '3121'.
20:46:50 INFO  : Jtag cable 'Digilent Nexys4DDR 210292A8AD8EA' is selected.
20:46:50 INFO  : 'jtag frequency' command is executed.
20:46:50 INFO  : 'configparams mdm-detect-bscan-mask 2' command is executed.
20:46:50 INFO  : Context for processor 'microblaze_0' is selected.
20:46:50 INFO  : Processor reset is completed for 'microblaze_0'.
20:46:50 INFO  : Context for processor 'microblaze_0' is selected.
20:46:50 INFO  : The application 'C:/Users/OAkun/Desktop/CECS460Micro/DetMicroBlazeLec/DetMicroBlazeLec.sdk/MicroBlazeDeterminantLec/Debug/MicroBlazeDeterminantLec.elf' is downloaded to processor 'microblaze_0'.
20:46:50 INFO  : ----------------XSDB Script----------------
connect -url tcp:127.0.0.1:3121
configparams mdm-detect-bscan-mask 2
targets -set -nocase -filter {name =~ "microblaze*#0" && bscan=="USER2"  && jtag_cable_name =~ "Digilent Nexys4DDR 210292A8AD8EA"} -index 0
rst -processor
targets -set -nocase -filter {name =~ "microblaze*#0" && bscan=="USER2"  && jtag_cable_name =~ "Digilent Nexys4DDR 210292A8AD8EA"} -index 0
dow C:/Users/OAkun/Desktop/CECS460Micro/DetMicroBlazeLec/DetMicroBlazeLec.sdk/MicroBlazeDeterminantLec/Debug/MicroBlazeDeterminantLec.elf
----------------End of Script----------------

20:46:50 INFO  : Memory regions updated for context MicroBlaze #0
20:46:50 INFO  : Memory regions updated for context MicroBlaze #0
20:46:50 INFO  : Context for processor 'microblaze_0' is selected.
20:46:50 INFO  : 'con' command is executed.
20:46:50 INFO  : ----------------XSDB Script (After Launch)----------------
targets -set -nocase -filter {name =~ "microblaze*#0" && bscan=="USER2"  && jtag_cable_name =~ "Digilent Nexys4DDR 210292A8AD8EA"} -index 0
con
----------------End of Script----------------

20:46:50 INFO  : Launch script is exported to file 'C:\Users\OAkun\Desktop\CECS460Micro\DetMicroBlazeLec\DetMicroBlazeLec.sdk\.sdk\launch_scripts\xilinx_c-c++_application_(system_debugger)\system_debugger_using_debug_microblazedeterminantlec.elf_on_local.tcl'
20:47:57 INFO  : Disconnected from the channel tcfchan#3.
09:36:35 INFO  : Registering command handlers for SDK TCF services
09:36:37 INFO  : Launching XSCT server: xsct.bat -interactive C:\Users\OAkun\Desktop\CECS460Micro\DetMicroBlazeLec\DetMicroBlazeLec.sdk\temp_xsdb_launch_script.tcl
09:36:41 INFO  : XSCT server has started successfully.
09:36:41 INFO  : Successfully done setting XSCT server connection channel  
09:36:42 INFO  : Successfully done setting SDK workspace  
09:36:42 INFO  : Processing command line option -hwspec C:/Users/OAkun/Desktop/CECS460Micro/DetMicroBlazeLec/DetMicroBlazeLec.sdk/DeterminantMicroBlaze_wrapper.hdf.
09:36:42 INFO  : Checking for hwspec changes in the project DeterminantMicroBlaze_wrapper_hw_platform_0.
