19:07:01 INFO  : Registering command handlers for SDK TCF services
19:07:02 INFO  : Launching XSCT server: xsct.bat -interactive C:\Users\OAkun\Desktop\CECS460Micro\DetMicroBlazeLecTimerVideo\temp_xsdb_launch_script.tcl
19:07:08 INFO  : XSCT server has started successfully.
19:07:09 INFO  : Successfully done setting XSCT server connection channel  
19:07:09 INFO  : Successfully done setting SDK workspace  
19:07:09 INFO  : Processing command line option -hwspec C:/Users/OAkun/Desktop/CECS460Micro/DetMicroBlazeLecTimerVideo/DeterminantMicroBlaze_wrapper.hdf.
19:09:20 INFO  : Connected to target on host '127.0.0.1' and port '3121'.
19:09:22 INFO  : 'targets -set -filter {jtag_cable_name =~ "Digilent Nexys4DDR 210292A8AD8EA" && level==0} -index 0' command is executed.
19:09:25 INFO  : FPGA configured successfully with bitstream "C:/Users/OAkun/Desktop/CECS460Micro/DetMicroBlazeLecTimerVideo/DeterminantMicroBlaze_wrapper_hw_platform_0/download.bit"
19:09:49 INFO  : 'targets -set -filter {jtag_cable_name =~ "Digilent Nexys4DDR 210292A8AD8EA" && level==0} -index 0' command is executed.
19:09:49 INFO  : 'fpga -state' command is executed.
19:09:49 INFO  : Connected to target on host '127.0.0.1' and port '3121'.
19:09:49 INFO  : Jtag cable 'Digilent Nexys4DDR 210292A8AD8EA' is selected.
19:09:49 INFO  : 'jtag frequency' command is executed.
19:09:49 INFO  : 'configparams mdm-detect-bscan-mask 2' command is executed.
19:09:49 INFO  : Context for processor 'microblaze_0' is selected.
19:09:49 INFO  : Processor reset is completed for 'microblaze_0'.
19:09:50 INFO  : Context for processor 'microblaze_0' is selected.
19:09:50 INFO  : The application 'C:/Users/OAkun/Desktop/CECS460Micro/DetMicroBlazeLecTimerVideo/TImerVideo/Debug/TImerVideo.elf' is downloaded to processor 'microblaze_0'.
19:09:50 INFO  : ----------------XSDB Script----------------
connect -url tcp:127.0.0.1:3121
configparams mdm-detect-bscan-mask 2
targets -set -nocase -filter {name =~ "microblaze*#0" && bscan=="USER2"  && jtag_cable_name =~ "Digilent Nexys4DDR 210292A8AD8EA"} -index 0
rst -processor
targets -set -nocase -filter {name =~ "microblaze*#0" && bscan=="USER2"  && jtag_cable_name =~ "Digilent Nexys4DDR 210292A8AD8EA"} -index 0
dow C:/Users/OAkun/Desktop/CECS460Micro/DetMicroBlazeLecTimerVideo/TImerVideo/Debug/TImerVideo.elf
----------------End of Script----------------

19:09:50 INFO  : Memory regions updated for context MicroBlaze #0
19:09:50 INFO  : Memory regions updated for context MicroBlaze #0
19:09:50 INFO  : Context for processor 'microblaze_0' is selected.
19:09:50 INFO  : 'con' command is executed.
19:09:50 INFO  : ----------------XSDB Script (After Launch)----------------
targets -set -nocase -filter {name =~ "microblaze*#0" && bscan=="USER2"  && jtag_cable_name =~ "Digilent Nexys4DDR 210292A8AD8EA"} -index 0
con
----------------End of Script----------------

19:09:50 INFO  : Launch script is exported to file 'C:\Users\OAkun\Desktop\CECS460Micro\DetMicroBlazeLecTimerVideo\.sdk\launch_scripts\xilinx_c-c++_application_(system_debugger)\system_debugger_using_debug_timervideo.elf_on_local.tcl'
19:52:59 INFO  : Disconnected from the channel tcfchan#1.
