#-----------------------------------------------------------
# Vivado v2019.1 (64-bit)
# SW Build 2552052 on Fri May 24 14:49:42 MDT 2019
# IP Build 2548770 on Fri May 24 18:01:18 MDT 2019
# Start of session at: Mon May 10 18:54:35 2021
# Process ID: 16656
# Current directory: C:/Users/OAkun/Desktop/CECS460Micro/DetMicroBlazeLecTimerVideo
# Command line: vivado.exe -gui_launcher_event rodinguilauncherevent4540 C:\Users\OAkun\Desktop\CECS460Micro\DetMicroBlazeLecTimerVideo\DetMicroBlazeLec.xpr
# Log file: C:/Users/OAkun/Desktop/CECS460Micro/DetMicroBlazeLecTimerVideo/vivado.log
# Journal file: C:/Users/OAkun/Desktop/CECS460Micro/DetMicroBlazeLecTimerVideo\vivado.jou
#-----------------------------------------------------------
start_gui
open_project C:/Users/OAkun/Desktop/CECS460Micro/DetMicroBlazeLecTimerVideo/DetMicroBlazeLec.xpr
INFO: [Project 1-313] Project file moved from 'C:/Users/OAkun/Desktop/CECS460Micro/DetMicroBlazeLec' since last save.
Scanning sources...
Finished scanning sources
INFO: [IP_Flow 19-234] Refreshing IP repositories
INFO: [IP_Flow 19-1704] No user IP repositories specified
INFO: [IP_Flow 19-2313] Loaded Vivado IP repository 'C:/Xilinx/Vivado/2019.1/data/ip'.
open_project: Time (s): cpu = 00:00:40 ; elapsed = 00:00:23 . Memory (MB): peak = 908.785 ; gain = 275.867
update_compile_order -fileset sources_1
open_bd_design {C:/Users/OAkun/Desktop/CECS460Micro/DetMicroBlazeLecTimerVideo/DetMicroBlazeLec.srcs/sources_1/bd/DeterminantMicroBlaze/DeterminantMicroBlaze.bd}
Adding component instance block -- xilinx.com:ip:clk_wiz:6.0 - clk_wiz_0
Adding component instance block -- xilinx.com:module_ref:DeterminantTopModule:1.0 - DeterminantTopModule_0
Adding component instance block -- xilinx.com:ip:axi_uartlite:2.0 - axi_uartlite_0
Adding component instance block -- xilinx.com:ip:axi_gpio:2.0 - axi_gpio_0
Adding component instance block -- xilinx.com:ip:axi_gpio:2.0 - axi_gpio_1
Adding component instance block -- xilinx.com:ip:axi_gpio:2.0 - axi_gpio_2
Adding component instance block -- xilinx.com:ip:axi_gpio:2.0 - axi_gpio_3
Adding component instance block -- xilinx.com:ip:axi_gpio:2.0 - axi_gpio_4
Adding component instance block -- xilinx.com:ip:axi_gpio:2.0 - axi_gpio_5
Adding component instance block -- xilinx.com:ip:axi_gpio:2.0 - axi_gpio_6
Adding component instance block -- xilinx.com:ip:axi_gpio:2.0 - axi_gpio_7
Adding component instance block -- xilinx.com:ip:axi_gpio:2.0 - axi_gpio_8
Adding component instance block -- xilinx.com:ip:axi_gpio:2.0 - axi_gpio_9
Adding component instance block -- xilinx.com:ip:microblaze:11.0 - microblaze_0
Adding component instance block -- xilinx.com:ip:lmb_v10:3.0 - dlmb_v10
Adding component instance block -- xilinx.com:ip:lmb_v10:3.0 - ilmb_v10
Adding component instance block -- xilinx.com:ip:lmb_bram_if_cntlr:4.0 - dlmb_bram_if_cntlr
Adding component instance block -- xilinx.com:ip:lmb_bram_if_cntlr:4.0 - ilmb_bram_if_cntlr
Adding component instance block -- xilinx.com:ip:blk_mem_gen:8.4 - lmb_bram
Adding component instance block -- xilinx.com:ip:mdm:3.2 - mdm_1
Adding component instance block -- xilinx.com:ip:proc_sys_reset:5.0 - rst_clk_wiz_0_100M
Adding component instance block -- xilinx.com:ip:axi_interconnect:2.1 - microblaze_0_axi_periph
Adding component instance block -- xilinx.com:ip:axi_crossbar:2.1 - xbar
Adding component instance block -- xilinx.com:ip:util_vector_logic:2.0 - util_vector_logic_0
Successfully read diagram <DeterminantMicroBlaze> from BD file <C:/Users/OAkun/Desktop/CECS460Micro/DetMicroBlazeLecTimerVideo/DetMicroBlazeLec.srcs/sources_1/bd/DeterminantMicroBlaze/DeterminantMicroBlaze.bd>
open_bd_design: Time (s): cpu = 00:00:12 ; elapsed = 00:00:12 . Memory (MB): peak = 1197.148 ; gain = 1.547
startgroup
create_bd_cell -type ip -vlnv xilinx.com:ip:axi_timer:2.0 axi_timer_0
endgroup
apply_bd_automation -rule xilinx.com:bd_rule:axi4 -config { Clk_master {/clk_wiz_0/clk_out1 (100 MHz)} Clk_slave {Auto} Clk_xbar {/clk_wiz_0/clk_out1 (100 MHz)} Master {/microblaze_0 (Periph)} Slave {/axi_timer_0/S_AXI} intc_ip {/microblaze_0_axi_periph} master_apm {0}}  [get_bd_intf_pins axi_timer_0/S_AXI]
Slave segment </axi_timer_0/S_AXI/Reg> is being mapped into address space </microblaze_0/Data> at <0x41C0_0000 [ 64K ]>
regenerate_bd_layout
save_bd_design
Wrote  : <C:\Users\OAkun\Desktop\CECS460Micro\DetMicroBlazeLecTimerVideo\DetMicroBlazeLec.srcs\sources_1\bd\DeterminantMicroBlaze\DeterminantMicroBlaze.bd> 
Wrote  : <C:/Users/OAkun/Desktop/CECS460Micro/DetMicroBlazeLecTimerVideo/DetMicroBlazeLec.srcs/sources_1/bd/DeterminantMicroBlaze/ui/bd_644776f3.ui> 
validate_bd_design
save_bd_design
Wrote  : <C:\Users\OAkun\Desktop\CECS460Micro\DetMicroBlazeLecTimerVideo\DetMicroBlazeLec.srcs\sources_1\bd\DeterminantMicroBlaze\DeterminantMicroBlaze.bd> 
Wrote  : <C:/Users/OAkun/Desktop/CECS460Micro/DetMicroBlazeLecTimerVideo/DetMicroBlazeLec.srcs/sources_1/bd/DeterminantMicroBlaze/ui/bd_644776f3.ui> 
make_wrapper -files [get_files C:/Users/OAkun/Desktop/CECS460Micro/DetMicroBlazeLecTimerVideo/DetMicroBlazeLec.srcs/sources_1/bd/DeterminantMicroBlaze/DeterminantMicroBlaze.bd] -top
INFO: [BD 41-1662] The design 'DeterminantMicroBlaze.bd' is already validated. Therefore parameter propagation will not be re-run.
VHDL Output written to : C:/Users/OAkun/Desktop/CECS460Micro/DetMicroBlazeLecTimerVideo/DetMicroBlazeLec.srcs/sources_1/bd/DeterminantMicroBlaze/synth/DeterminantMicroBlaze.v
VHDL Output written to : C:/Users/OAkun/Desktop/CECS460Micro/DetMicroBlazeLecTimerVideo/DetMicroBlazeLec.srcs/sources_1/bd/DeterminantMicroBlaze/sim/DeterminantMicroBlaze.v
VHDL Output written to : C:/Users/OAkun/Desktop/CECS460Micro/DetMicroBlazeLecTimerVideo/DetMicroBlazeLec.srcs/sources_1/bd/DeterminantMicroBlaze/hdl/DeterminantMicroBlaze_wrapper.v
reset_run synth_1
reset_run DeterminantMicroBlaze_xbar_0_synth_1
launch_runs impl_1 -to_step write_bitstream -jobs 4
INFO: [BD 41-1662] The design 'DeterminantMicroBlaze.bd' is already validated. Therefore parameter propagation will not be re-run.
VHDL Output written to : C:/Users/OAkun/Desktop/CECS460Micro/DetMicroBlazeLecTimerVideo/DetMicroBlazeLec.srcs/sources_1/bd/DeterminantMicroBlaze/synth/DeterminantMicroBlaze.v
VHDL Output written to : C:/Users/OAkun/Desktop/CECS460Micro/DetMicroBlazeLecTimerVideo/DetMicroBlazeLec.srcs/sources_1/bd/DeterminantMicroBlaze/sim/DeterminantMicroBlaze.v
VHDL Output written to : C:/Users/OAkun/Desktop/CECS460Micro/DetMicroBlazeLecTimerVideo/DetMicroBlazeLec.srcs/sources_1/bd/DeterminantMicroBlaze/hdl/DeterminantMicroBlaze_wrapper.v
INFO: [BD 41-1029] Generation completed for the IP Integrator block clk_wiz_0 .
INFO: [BD 41-1029] Generation completed for the IP Integrator block DeterminantTopModule_0 .
INFO: [BD 41-1029] Generation completed for the IP Integrator block axi_uartlite_0 .
INFO: [BD 41-1029] Generation completed for the IP Integrator block axi_gpio_0 .
INFO: [BD 41-1029] Generation completed for the IP Integrator block axi_gpio_1 .
INFO: [BD 41-1029] Generation completed for the IP Integrator block axi_gpio_2 .
INFO: [BD 41-1029] Generation completed for the IP Integrator block axi_gpio_3 .
INFO: [BD 41-1029] Generation completed for the IP Integrator block axi_gpio_4 .
INFO: [BD 41-1029] Generation completed for the IP Integrator block axi_gpio_5 .
INFO: [BD 41-1029] Generation completed for the IP Integrator block axi_gpio_6 .
INFO: [BD 41-1029] Generation completed for the IP Integrator block axi_gpio_7 .
INFO: [BD 41-1029] Generation completed for the IP Integrator block axi_gpio_8 .
INFO: [BD 41-1029] Generation completed for the IP Integrator block axi_gpio_9 .
INFO: [BD 41-1029] Generation completed for the IP Integrator block microblaze_0 .
INFO: [BD 41-1029] Generation completed for the IP Integrator block microblaze_0_local_memory/dlmb_v10 .
INFO: [BD 41-1029] Generation completed for the IP Integrator block microblaze_0_local_memory/ilmb_v10 .
INFO: [BD 41-1029] Generation completed for the IP Integrator block microblaze_0_local_memory/dlmb_bram_if_cntlr .
INFO: [BD 41-1029] Generation completed for the IP Integrator block microblaze_0_local_memory/ilmb_bram_if_cntlr .
INFO: [BD 41-1029] Generation completed for the IP Integrator block microblaze_0_local_memory/lmb_bram .
INFO: [BD 41-1029] Generation completed for the IP Integrator block mdm_1 .
INFO: [BD 41-1029] Generation completed for the IP Integrator block rst_clk_wiz_0_100M .
INFO: [BD 41-1029] Generation completed for the IP Integrator block microblaze_0_axi_periph/xbar .
INFO: [BD 41-1029] Generation completed for the IP Integrator block util_vector_logic_0 .
INFO: [BD 41-1029] Generation completed for the IP Integrator block axi_timer_0 .
Exporting to file C:/Users/OAkun/Desktop/CECS460Micro/DetMicroBlazeLecTimerVideo/DetMicroBlazeLec.srcs/sources_1/bd/DeterminantMicroBlaze/hw_handoff/DeterminantMicroBlaze.hwh
Generated Block Design Tcl file C:/Users/OAkun/Desktop/CECS460Micro/DetMicroBlazeLecTimerVideo/DetMicroBlazeLec.srcs/sources_1/bd/DeterminantMicroBlaze/hw_handoff/DeterminantMicroBlaze_bd.tcl
Generated Hardware Definition File C:/Users/OAkun/Desktop/CECS460Micro/DetMicroBlazeLecTimerVideo/DetMicroBlazeLec.srcs/sources_1/bd/DeterminantMicroBlaze/synth/DeterminantMicroBlaze.hwdef
[Mon May 10 18:59:56 2021] Launched DeterminantMicroBlaze_xbar_0_synth_1, DeterminantMicroBlaze_axi_timer_0_0_synth_1, synth_1...
Run output will be captured here:
DeterminantMicroBlaze_xbar_0_synth_1: C:/Users/OAkun/Desktop/CECS460Micro/DetMicroBlazeLecTimerVideo/DetMicroBlazeLec.runs/DeterminantMicroBlaze_xbar_0_synth_1/runme.log
DeterminantMicroBlaze_axi_timer_0_0_synth_1: C:/Users/OAkun/Desktop/CECS460Micro/DetMicroBlazeLecTimerVideo/DetMicroBlazeLec.runs/DeterminantMicroBlaze_axi_timer_0_0_synth_1/runme.log
synth_1: C:/Users/OAkun/Desktop/CECS460Micro/DetMicroBlazeLecTimerVideo/DetMicroBlazeLec.runs/synth_1/runme.log
[Mon May 10 18:59:56 2021] Launched impl_1...
Run output will be captured here: C:/Users/OAkun/Desktop/CECS460Micro/DetMicroBlazeLecTimerVideo/DetMicroBlazeLec.runs/impl_1/runme.log
launch_runs: Time (s): cpu = 00:00:14 ; elapsed = 00:00:14 . Memory (MB): peak = 1399.531 ; gain = 55.953
file copy -force C:/Users/OAkun/Desktop/CECS460Micro/DetMicroBlazeLecTimerVideo/DetMicroBlazeLec.runs/impl_1/DeterminantMicroBlaze_wrapper.sysdef C:/Users/OAkun/Desktop/CECS460Micro/DetMicroBlazeLecTimerVideo/DeterminantMicroBlaze_wrapper.hdf

launch_sdk -workspace C:/Users/OAkun/Desktop/CECS460Micro/DetMicroBlazeLecTimerVideo -hwspec C:/Users/OAkun/Desktop/CECS460Micro/DetMicroBlazeLecTimerVideo/DeterminantMicroBlaze_wrapper.hdf
INFO: [Vivado 12-393] Launching SDK...
INFO: [Vivado 12-417] Running xsdk -workspace C:/Users/OAkun/Desktop/CECS460Micro/DetMicroBlazeLecTimerVideo -hwspec C:/Users/OAkun/Desktop/CECS460Micro/DetMicroBlazeLecTimerVideo/DeterminantMicroBlaze_wrapper.hdf
INFO: [Vivado 12-3157] SDK launch initiated. Please check console for any further messages.
exit
INFO: [Common 17-206] Exiting Vivado at Mon May 10 19:58:35 2021...
