Copyright 1986-2019 Xilinx, Inc. All Rights Reserved.
-----------------------------------------------------------------------------------------------------------------------------------------------------------------------------------------------------------------------------
| Tool Version : Vivado v.2019.1 (win64) Build 2552052 Fri May 24 14:49:42 MDT 2019
| Date         : Mon May 10 19:05:18 2021
| Host         : DESKTOP-NDOLUA7 running 64-bit major release  (build 9200)
| Command      : report_methodology -file DeterminantMicroBlaze_wrapper_methodology_drc_routed.rpt -pb DeterminantMicroBlaze_wrapper_methodology_drc_routed.pb -rpx DeterminantMicroBlaze_wrapper_methodology_drc_routed.rpx
| Design       : DeterminantMicroBlaze_wrapper
| Device       : xc7a100tcsg324-1
| Speed File   : -1
| Design State : Fully Routed
-----------------------------------------------------------------------------------------------------------------------------------------------------------------------------------------------------------------------------

Report Methodology

Table of Contents
-----------------
1. REPORT SUMMARY
2. REPORT DETAILS

1. REPORT SUMMARY
-----------------
            Netlist: netlist
          Floorplan: design_1
      Design limits: <entire design considered>
             Max violations: <unlimited>
             Violations found: 152
+-----------+------------------+-------------------------------------------+------------+
| Rule      | Severity         | Description                               | Violations |
+-----------+------------------+-------------------------------------------+------------+
| TIMING-17 | Critical Warning | Non-clocked sequential cell               | 128        |
| TIMING-27 | Critical Warning | Invalid primary clock on hierarchical pin | 1          |
| LUTAR-1   | Warning          | LUT drives async reset alert              | 3          |
| TIMING-9  | Warning          | Unknown CDC Logic                         | 1          |
| TIMING-18 | Warning          | Missing input or output delay             | 19         |
+-----------+------------------+-------------------------------------------+------------+

2. REPORT DETAILS
-----------------
TIMING-17#1 Critical Warning
Non-clocked sequential cell  
The clock pin DeterminantMicroBlaze_i/DeterminantTopModule_0/inst/one/X_reg[0]/C is not reached by a timing clock
Related violations: <none>

TIMING-17#2 Critical Warning
Non-clocked sequential cell  
The clock pin DeterminantMicroBlaze_i/DeterminantTopModule_0/inst/one/X_reg[10]/C is not reached by a timing clock
Related violations: <none>

TIMING-17#3 Critical Warning
Non-clocked sequential cell  
The clock pin DeterminantMicroBlaze_i/DeterminantTopModule_0/inst/one/X_reg[11]/C is not reached by a timing clock
Related violations: <none>

TIMING-17#4 Critical Warning
Non-clocked sequential cell  
The clock pin DeterminantMicroBlaze_i/DeterminantTopModule_0/inst/one/X_reg[12]/C is not reached by a timing clock
Related violations: <none>

TIMING-17#5 Critical Warning
Non-clocked sequential cell  
The clock pin DeterminantMicroBlaze_i/DeterminantTopModule_0/inst/one/X_reg[13]/C is not reached by a timing clock
Related violations: <none>

TIMING-17#6 Critical Warning
Non-clocked sequential cell  
The clock pin DeterminantMicroBlaze_i/DeterminantTopModule_0/inst/one/X_reg[14]/C is not reached by a timing clock
Related violations: <none>

TIMING-17#7 Critical Warning
Non-clocked sequential cell  
The clock pin DeterminantMicroBlaze_i/DeterminantTopModule_0/inst/one/X_reg[15]/C is not reached by a timing clock
Related violations: <none>

TIMING-17#8 Critical Warning
Non-clocked sequential cell  
The clock pin DeterminantMicroBlaze_i/DeterminantTopModule_0/inst/one/X_reg[16]/C is not reached by a timing clock
Related violations: <none>

TIMING-17#9 Critical Warning
Non-clocked sequential cell  
The clock pin DeterminantMicroBlaze_i/DeterminantTopModule_0/inst/one/X_reg[17]/C is not reached by a timing clock
Related violations: <none>

TIMING-17#10 Critical Warning
Non-clocked sequential cell  
The clock pin DeterminantMicroBlaze_i/DeterminantTopModule_0/inst/one/X_reg[18]/C is not reached by a timing clock
Related violations: <none>

TIMING-17#11 Critical Warning
Non-clocked sequential cell  
The clock pin DeterminantMicroBlaze_i/DeterminantTopModule_0/inst/one/X_reg[19]/C is not reached by a timing clock
Related violations: <none>

TIMING-17#12 Critical Warning
Non-clocked sequential cell  
The clock pin DeterminantMicroBlaze_i/DeterminantTopModule_0/inst/one/X_reg[1]/C is not reached by a timing clock
Related violations: <none>

TIMING-17#13 Critical Warning
Non-clocked sequential cell  
The clock pin DeterminantMicroBlaze_i/DeterminantTopModule_0/inst/one/X_reg[20]/C is not reached by a timing clock
Related violations: <none>

TIMING-17#14 Critical Warning
Non-clocked sequential cell  
The clock pin DeterminantMicroBlaze_i/DeterminantTopModule_0/inst/one/X_reg[21]/C is not reached by a timing clock
Related violations: <none>

TIMING-17#15 Critical Warning
Non-clocked sequential cell  
The clock pin DeterminantMicroBlaze_i/DeterminantTopModule_0/inst/one/X_reg[22]/C is not reached by a timing clock
Related violations: <none>

TIMING-17#16 Critical Warning
Non-clocked sequential cell  
The clock pin DeterminantMicroBlaze_i/DeterminantTopModule_0/inst/one/X_reg[23]/C is not reached by a timing clock
Related violations: <none>

TIMING-17#17 Critical Warning
Non-clocked sequential cell  
The clock pin DeterminantMicroBlaze_i/DeterminantTopModule_0/inst/one/X_reg[24]/C is not reached by a timing clock
Related violations: <none>

TIMING-17#18 Critical Warning
Non-clocked sequential cell  
The clock pin DeterminantMicroBlaze_i/DeterminantTopModule_0/inst/one/X_reg[25]/C is not reached by a timing clock
Related violations: <none>

TIMING-17#19 Critical Warning
Non-clocked sequential cell  
The clock pin DeterminantMicroBlaze_i/DeterminantTopModule_0/inst/one/X_reg[26]/C is not reached by a timing clock
Related violations: <none>

TIMING-17#20 Critical Warning
Non-clocked sequential cell  
The clock pin DeterminantMicroBlaze_i/DeterminantTopModule_0/inst/one/X_reg[27]/C is not reached by a timing clock
Related violations: <none>

TIMING-17#21 Critical Warning
Non-clocked sequential cell  
The clock pin DeterminantMicroBlaze_i/DeterminantTopModule_0/inst/one/X_reg[28]/C is not reached by a timing clock
Related violations: <none>

TIMING-17#22 Critical Warning
Non-clocked sequential cell  
The clock pin DeterminantMicroBlaze_i/DeterminantTopModule_0/inst/one/X_reg[29]/C is not reached by a timing clock
Related violations: <none>

TIMING-17#23 Critical Warning
Non-clocked sequential cell  
The clock pin DeterminantMicroBlaze_i/DeterminantTopModule_0/inst/one/X_reg[2]/C is not reached by a timing clock
Related violations: <none>

TIMING-17#24 Critical Warning
Non-clocked sequential cell  
The clock pin DeterminantMicroBlaze_i/DeterminantTopModule_0/inst/one/X_reg[30]/C is not reached by a timing clock
Related violations: <none>

TIMING-17#25 Critical Warning
Non-clocked sequential cell  
The clock pin DeterminantMicroBlaze_i/DeterminantTopModule_0/inst/one/X_reg[31]/C is not reached by a timing clock
Related violations: <none>

TIMING-17#26 Critical Warning
Non-clocked sequential cell  
The clock pin DeterminantMicroBlaze_i/DeterminantTopModule_0/inst/one/X_reg[3]/C is not reached by a timing clock
Related violations: <none>

TIMING-17#27 Critical Warning
Non-clocked sequential cell  
The clock pin DeterminantMicroBlaze_i/DeterminantTopModule_0/inst/one/X_reg[4]/C is not reached by a timing clock
Related violations: <none>

TIMING-17#28 Critical Warning
Non-clocked sequential cell  
The clock pin DeterminantMicroBlaze_i/DeterminantTopModule_0/inst/one/X_reg[5]/C is not reached by a timing clock
Related violations: <none>

TIMING-17#29 Critical Warning
Non-clocked sequential cell  
The clock pin DeterminantMicroBlaze_i/DeterminantTopModule_0/inst/one/X_reg[6]/C is not reached by a timing clock
Related violations: <none>

TIMING-17#30 Critical Warning
Non-clocked sequential cell  
The clock pin DeterminantMicroBlaze_i/DeterminantTopModule_0/inst/one/X_reg[7]/C is not reached by a timing clock
Related violations: <none>

TIMING-17#31 Critical Warning
Non-clocked sequential cell  
The clock pin DeterminantMicroBlaze_i/DeterminantTopModule_0/inst/one/X_reg[8]/C is not reached by a timing clock
Related violations: <none>

TIMING-17#32 Critical Warning
Non-clocked sequential cell  
The clock pin DeterminantMicroBlaze_i/DeterminantTopModule_0/inst/one/X_reg[9]/C is not reached by a timing clock
Related violations: <none>

TIMING-17#33 Critical Warning
Non-clocked sequential cell  
The clock pin DeterminantMicroBlaze_i/DeterminantTopModule_0/inst/one/Y_reg[0]/C is not reached by a timing clock
Related violations: <none>

TIMING-17#34 Critical Warning
Non-clocked sequential cell  
The clock pin DeterminantMicroBlaze_i/DeterminantTopModule_0/inst/one/Y_reg[10]/C is not reached by a timing clock
Related violations: <none>

TIMING-17#35 Critical Warning
Non-clocked sequential cell  
The clock pin DeterminantMicroBlaze_i/DeterminantTopModule_0/inst/one/Y_reg[11]/C is not reached by a timing clock
Related violations: <none>

TIMING-17#36 Critical Warning
Non-clocked sequential cell  
The clock pin DeterminantMicroBlaze_i/DeterminantTopModule_0/inst/one/Y_reg[12]/C is not reached by a timing clock
Related violations: <none>

TIMING-17#37 Critical Warning
Non-clocked sequential cell  
The clock pin DeterminantMicroBlaze_i/DeterminantTopModule_0/inst/one/Y_reg[13]/C is not reached by a timing clock
Related violations: <none>

TIMING-17#38 Critical Warning
Non-clocked sequential cell  
The clock pin DeterminantMicroBlaze_i/DeterminantTopModule_0/inst/one/Y_reg[14]/C is not reached by a timing clock
Related violations: <none>

TIMING-17#39 Critical Warning
Non-clocked sequential cell  
The clock pin DeterminantMicroBlaze_i/DeterminantTopModule_0/inst/one/Y_reg[15]/C is not reached by a timing clock
Related violations: <none>

TIMING-17#40 Critical Warning
Non-clocked sequential cell  
The clock pin DeterminantMicroBlaze_i/DeterminantTopModule_0/inst/one/Y_reg[16]/C is not reached by a timing clock
Related violations: <none>

TIMING-17#41 Critical Warning
Non-clocked sequential cell  
The clock pin DeterminantMicroBlaze_i/DeterminantTopModule_0/inst/one/Y_reg[17]/C is not reached by a timing clock
Related violations: <none>

TIMING-17#42 Critical Warning
Non-clocked sequential cell  
The clock pin DeterminantMicroBlaze_i/DeterminantTopModule_0/inst/one/Y_reg[18]/C is not reached by a timing clock
Related violations: <none>

TIMING-17#43 Critical Warning
Non-clocked sequential cell  
The clock pin DeterminantMicroBlaze_i/DeterminantTopModule_0/inst/one/Y_reg[19]/C is not reached by a timing clock
Related violations: <none>

TIMING-17#44 Critical Warning
Non-clocked sequential cell  
The clock pin DeterminantMicroBlaze_i/DeterminantTopModule_0/inst/one/Y_reg[1]/C is not reached by a timing clock
Related violations: <none>

TIMING-17#45 Critical Warning
Non-clocked sequential cell  
The clock pin DeterminantMicroBlaze_i/DeterminantTopModule_0/inst/one/Y_reg[20]/C is not reached by a timing clock
Related violations: <none>

TIMING-17#46 Critical Warning
Non-clocked sequential cell  
The clock pin DeterminantMicroBlaze_i/DeterminantTopModule_0/inst/one/Y_reg[21]/C is not reached by a timing clock
Related violations: <none>

TIMING-17#47 Critical Warning
Non-clocked sequential cell  
The clock pin DeterminantMicroBlaze_i/DeterminantTopModule_0/inst/one/Y_reg[22]/C is not reached by a timing clock
Related violations: <none>

TIMING-17#48 Critical Warning
Non-clocked sequential cell  
The clock pin DeterminantMicroBlaze_i/DeterminantTopModule_0/inst/one/Y_reg[23]/C is not reached by a timing clock
Related violations: <none>

TIMING-17#49 Critical Warning
Non-clocked sequential cell  
The clock pin DeterminantMicroBlaze_i/DeterminantTopModule_0/inst/one/Y_reg[24]/C is not reached by a timing clock
Related violations: <none>

TIMING-17#50 Critical Warning
Non-clocked sequential cell  
The clock pin DeterminantMicroBlaze_i/DeterminantTopModule_0/inst/one/Y_reg[25]/C is not reached by a timing clock
Related violations: <none>

TIMING-17#51 Critical Warning
Non-clocked sequential cell  
The clock pin DeterminantMicroBlaze_i/DeterminantTopModule_0/inst/one/Y_reg[26]/C is not reached by a timing clock
Related violations: <none>

TIMING-17#52 Critical Warning
Non-clocked sequential cell  
The clock pin DeterminantMicroBlaze_i/DeterminantTopModule_0/inst/one/Y_reg[27]/C is not reached by a timing clock
Related violations: <none>

TIMING-17#53 Critical Warning
Non-clocked sequential cell  
The clock pin DeterminantMicroBlaze_i/DeterminantTopModule_0/inst/one/Y_reg[28]/C is not reached by a timing clock
Related violations: <none>

TIMING-17#54 Critical Warning
Non-clocked sequential cell  
The clock pin DeterminantMicroBlaze_i/DeterminantTopModule_0/inst/one/Y_reg[29]/C is not reached by a timing clock
Related violations: <none>

TIMING-17#55 Critical Warning
Non-clocked sequential cell  
The clock pin DeterminantMicroBlaze_i/DeterminantTopModule_0/inst/one/Y_reg[2]/C is not reached by a timing clock
Related violations: <none>

TIMING-17#56 Critical Warning
Non-clocked sequential cell  
The clock pin DeterminantMicroBlaze_i/DeterminantTopModule_0/inst/one/Y_reg[30]/C is not reached by a timing clock
Related violations: <none>

TIMING-17#57 Critical Warning
Non-clocked sequential cell  
The clock pin DeterminantMicroBlaze_i/DeterminantTopModule_0/inst/one/Y_reg[31]/C is not reached by a timing clock
Related violations: <none>

TIMING-17#58 Critical Warning
Non-clocked sequential cell  
The clock pin DeterminantMicroBlaze_i/DeterminantTopModule_0/inst/one/Y_reg[3]/C is not reached by a timing clock
Related violations: <none>

TIMING-17#59 Critical Warning
Non-clocked sequential cell  
The clock pin DeterminantMicroBlaze_i/DeterminantTopModule_0/inst/one/Y_reg[4]/C is not reached by a timing clock
Related violations: <none>

TIMING-17#60 Critical Warning
Non-clocked sequential cell  
The clock pin DeterminantMicroBlaze_i/DeterminantTopModule_0/inst/one/Y_reg[5]/C is not reached by a timing clock
Related violations: <none>

TIMING-17#61 Critical Warning
Non-clocked sequential cell  
The clock pin DeterminantMicroBlaze_i/DeterminantTopModule_0/inst/one/Y_reg[6]/C is not reached by a timing clock
Related violations: <none>

TIMING-17#62 Critical Warning
Non-clocked sequential cell  
The clock pin DeterminantMicroBlaze_i/DeterminantTopModule_0/inst/one/Y_reg[7]/C is not reached by a timing clock
Related violations: <none>

TIMING-17#63 Critical Warning
Non-clocked sequential cell  
The clock pin DeterminantMicroBlaze_i/DeterminantTopModule_0/inst/one/Y_reg[8]/C is not reached by a timing clock
Related violations: <none>

TIMING-17#64 Critical Warning
Non-clocked sequential cell  
The clock pin DeterminantMicroBlaze_i/DeterminantTopModule_0/inst/one/Y_reg[9]/C is not reached by a timing clock
Related violations: <none>

TIMING-17#65 Critical Warning
Non-clocked sequential cell  
The clock pin DeterminantMicroBlaze_i/DeterminantTopModule_0/inst/one/Z_reg[0]/C is not reached by a timing clock
Related violations: <none>

TIMING-17#66 Critical Warning
Non-clocked sequential cell  
The clock pin DeterminantMicroBlaze_i/DeterminantTopModule_0/inst/one/Z_reg[10]/C is not reached by a timing clock
Related violations: <none>

TIMING-17#67 Critical Warning
Non-clocked sequential cell  
The clock pin DeterminantMicroBlaze_i/DeterminantTopModule_0/inst/one/Z_reg[11]/C is not reached by a timing clock
Related violations: <none>

TIMING-17#68 Critical Warning
Non-clocked sequential cell  
The clock pin DeterminantMicroBlaze_i/DeterminantTopModule_0/inst/one/Z_reg[12]/C is not reached by a timing clock
Related violations: <none>

TIMING-17#69 Critical Warning
Non-clocked sequential cell  
The clock pin DeterminantMicroBlaze_i/DeterminantTopModule_0/inst/one/Z_reg[13]/C is not reached by a timing clock
Related violations: <none>

TIMING-17#70 Critical Warning
Non-clocked sequential cell  
The clock pin DeterminantMicroBlaze_i/DeterminantTopModule_0/inst/one/Z_reg[14]/C is not reached by a timing clock
Related violations: <none>

TIMING-17#71 Critical Warning
Non-clocked sequential cell  
The clock pin DeterminantMicroBlaze_i/DeterminantTopModule_0/inst/one/Z_reg[15]/C is not reached by a timing clock
Related violations: <none>

TIMING-17#72 Critical Warning
Non-clocked sequential cell  
The clock pin DeterminantMicroBlaze_i/DeterminantTopModule_0/inst/one/Z_reg[16]/C is not reached by a timing clock
Related violations: <none>

TIMING-17#73 Critical Warning
Non-clocked sequential cell  
The clock pin DeterminantMicroBlaze_i/DeterminantTopModule_0/inst/one/Z_reg[17]/C is not reached by a timing clock
Related violations: <none>

TIMING-17#74 Critical Warning
Non-clocked sequential cell  
The clock pin DeterminantMicroBlaze_i/DeterminantTopModule_0/inst/one/Z_reg[18]/C is not reached by a timing clock
Related violations: <none>

TIMING-17#75 Critical Warning
Non-clocked sequential cell  
The clock pin DeterminantMicroBlaze_i/DeterminantTopModule_0/inst/one/Z_reg[19]/C is not reached by a timing clock
Related violations: <none>

TIMING-17#76 Critical Warning
Non-clocked sequential cell  
The clock pin DeterminantMicroBlaze_i/DeterminantTopModule_0/inst/one/Z_reg[1]/C is not reached by a timing clock
Related violations: <none>

TIMING-17#77 Critical Warning
Non-clocked sequential cell  
The clock pin DeterminantMicroBlaze_i/DeterminantTopModule_0/inst/one/Z_reg[20]/C is not reached by a timing clock
Related violations: <none>

TIMING-17#78 Critical Warning
Non-clocked sequential cell  
The clock pin DeterminantMicroBlaze_i/DeterminantTopModule_0/inst/one/Z_reg[21]/C is not reached by a timing clock
Related violations: <none>

TIMING-17#79 Critical Warning
Non-clocked sequential cell  
The clock pin DeterminantMicroBlaze_i/DeterminantTopModule_0/inst/one/Z_reg[22]/C is not reached by a timing clock
Related violations: <none>

TIMING-17#80 Critical Warning
Non-clocked sequential cell  
The clock pin DeterminantMicroBlaze_i/DeterminantTopModule_0/inst/one/Z_reg[23]/C is not reached by a timing clock
Related violations: <none>

TIMING-17#81 Critical Warning
Non-clocked sequential cell  
The clock pin DeterminantMicroBlaze_i/DeterminantTopModule_0/inst/one/Z_reg[24]/C is not reached by a timing clock
Related violations: <none>

TIMING-17#82 Critical Warning
Non-clocked sequential cell  
The clock pin DeterminantMicroBlaze_i/DeterminantTopModule_0/inst/one/Z_reg[25]/C is not reached by a timing clock
Related violations: <none>

TIMING-17#83 Critical Warning
Non-clocked sequential cell  
The clock pin DeterminantMicroBlaze_i/DeterminantTopModule_0/inst/one/Z_reg[26]/C is not reached by a timing clock
Related violations: <none>

TIMING-17#84 Critical Warning
Non-clocked sequential cell  
The clock pin DeterminantMicroBlaze_i/DeterminantTopModule_0/inst/one/Z_reg[27]/C is not reached by a timing clock
Related violations: <none>

TIMING-17#85 Critical Warning
Non-clocked sequential cell  
The clock pin DeterminantMicroBlaze_i/DeterminantTopModule_0/inst/one/Z_reg[28]/C is not reached by a timing clock
Related violations: <none>

TIMING-17#86 Critical Warning
Non-clocked sequential cell  
The clock pin DeterminantMicroBlaze_i/DeterminantTopModule_0/inst/one/Z_reg[29]/C is not reached by a timing clock
Related violations: <none>

TIMING-17#87 Critical Warning
Non-clocked sequential cell  
The clock pin DeterminantMicroBlaze_i/DeterminantTopModule_0/inst/one/Z_reg[2]/C is not reached by a timing clock
Related violations: <none>

TIMING-17#88 Critical Warning
Non-clocked sequential cell  
The clock pin DeterminantMicroBlaze_i/DeterminantTopModule_0/inst/one/Z_reg[30]/C is not reached by a timing clock
Related violations: <none>

TIMING-17#89 Critical Warning
Non-clocked sequential cell  
The clock pin DeterminantMicroBlaze_i/DeterminantTopModule_0/inst/one/Z_reg[31]/C is not reached by a timing clock
Related violations: <none>

TIMING-17#90 Critical Warning
Non-clocked sequential cell  
The clock pin DeterminantMicroBlaze_i/DeterminantTopModule_0/inst/one/Z_reg[3]/C is not reached by a timing clock
Related violations: <none>

TIMING-17#91 Critical Warning
Non-clocked sequential cell  
The clock pin DeterminantMicroBlaze_i/DeterminantTopModule_0/inst/one/Z_reg[4]/C is not reached by a timing clock
Related violations: <none>

TIMING-17#92 Critical Warning
Non-clocked sequential cell  
The clock pin DeterminantMicroBlaze_i/DeterminantTopModule_0/inst/one/Z_reg[5]/C is not reached by a timing clock
Related violations: <none>

TIMING-17#93 Critical Warning
Non-clocked sequential cell  
The clock pin DeterminantMicroBlaze_i/DeterminantTopModule_0/inst/one/Z_reg[6]/C is not reached by a timing clock
Related violations: <none>

TIMING-17#94 Critical Warning
Non-clocked sequential cell  
The clock pin DeterminantMicroBlaze_i/DeterminantTopModule_0/inst/one/Z_reg[7]/C is not reached by a timing clock
Related violations: <none>

TIMING-17#95 Critical Warning
Non-clocked sequential cell  
The clock pin DeterminantMicroBlaze_i/DeterminantTopModule_0/inst/one/Z_reg[8]/C is not reached by a timing clock
Related violations: <none>

TIMING-17#96 Critical Warning
Non-clocked sequential cell  
The clock pin DeterminantMicroBlaze_i/DeterminantTopModule_0/inst/one/Z_reg[9]/C is not reached by a timing clock
Related violations: <none>

TIMING-17#97 Critical Warning
Non-clocked sequential cell  
The clock pin DeterminantMicroBlaze_i/DeterminantTopModule_0/inst/one/determinant_reg[0]/C is not reached by a timing clock
Related violations: <none>

TIMING-17#98 Critical Warning
Non-clocked sequential cell  
The clock pin DeterminantMicroBlaze_i/DeterminantTopModule_0/inst/one/determinant_reg[10]/C is not reached by a timing clock
Related violations: <none>

TIMING-17#99 Critical Warning
Non-clocked sequential cell  
The clock pin DeterminantMicroBlaze_i/DeterminantTopModule_0/inst/one/determinant_reg[11]/C is not reached by a timing clock
Related violations: <none>

TIMING-17#100 Critical Warning
Non-clocked sequential cell  
The clock pin DeterminantMicroBlaze_i/DeterminantTopModule_0/inst/one/determinant_reg[12]/C is not reached by a timing clock
Related violations: <none>

TIMING-17#101 Critical Warning
Non-clocked sequential cell  
The clock pin DeterminantMicroBlaze_i/DeterminantTopModule_0/inst/one/determinant_reg[13]/C is not reached by a timing clock
Related violations: <none>

TIMING-17#102 Critical Warning
Non-clocked sequential cell  
The clock pin DeterminantMicroBlaze_i/DeterminantTopModule_0/inst/one/determinant_reg[14]/C is not reached by a timing clock
Related violations: <none>

TIMING-17#103 Critical Warning
Non-clocked sequential cell  
The clock pin DeterminantMicroBlaze_i/DeterminantTopModule_0/inst/one/determinant_reg[15]/C is not reached by a timing clock
Related violations: <none>

TIMING-17#104 Critical Warning
Non-clocked sequential cell  
The clock pin DeterminantMicroBlaze_i/DeterminantTopModule_0/inst/one/determinant_reg[16]/C is not reached by a timing clock
Related violations: <none>

TIMING-17#105 Critical Warning
Non-clocked sequential cell  
The clock pin DeterminantMicroBlaze_i/DeterminantTopModule_0/inst/one/determinant_reg[17]/C is not reached by a timing clock
Related violations: <none>

TIMING-17#106 Critical Warning
Non-clocked sequential cell  
The clock pin DeterminantMicroBlaze_i/DeterminantTopModule_0/inst/one/determinant_reg[18]/C is not reached by a timing clock
Related violations: <none>

TIMING-17#107 Critical Warning
Non-clocked sequential cell  
The clock pin DeterminantMicroBlaze_i/DeterminantTopModule_0/inst/one/determinant_reg[19]/C is not reached by a timing clock
Related violations: <none>

TIMING-17#108 Critical Warning
Non-clocked sequential cell  
The clock pin DeterminantMicroBlaze_i/DeterminantTopModule_0/inst/one/determinant_reg[1]/C is not reached by a timing clock
Related violations: <none>

TIMING-17#109 Critical Warning
Non-clocked sequential cell  
The clock pin DeterminantMicroBlaze_i/DeterminantTopModule_0/inst/one/determinant_reg[20]/C is not reached by a timing clock
Related violations: <none>

TIMING-17#110 Critical Warning
Non-clocked sequential cell  
The clock pin DeterminantMicroBlaze_i/DeterminantTopModule_0/inst/one/determinant_reg[21]/C is not reached by a timing clock
Related violations: <none>

TIMING-17#111 Critical Warning
Non-clocked sequential cell  
The clock pin DeterminantMicroBlaze_i/DeterminantTopModule_0/inst/one/determinant_reg[22]/C is not reached by a timing clock
Related violations: <none>

TIMING-17#112 Critical Warning
Non-clocked sequential cell  
The clock pin DeterminantMicroBlaze_i/DeterminantTopModule_0/inst/one/determinant_reg[23]/C is not reached by a timing clock
Related violations: <none>

TIMING-17#113 Critical Warning
Non-clocked sequential cell  
The clock pin DeterminantMicroBlaze_i/DeterminantTopModule_0/inst/one/determinant_reg[24]/C is not reached by a timing clock
Related violations: <none>

TIMING-17#114 Critical Warning
Non-clocked sequential cell  
The clock pin DeterminantMicroBlaze_i/DeterminantTopModule_0/inst/one/determinant_reg[25]/C is not reached by a timing clock
Related violations: <none>

TIMING-17#115 Critical Warning
Non-clocked sequential cell  
The clock pin DeterminantMicroBlaze_i/DeterminantTopModule_0/inst/one/determinant_reg[26]/C is not reached by a timing clock
Related violations: <none>

TIMING-17#116 Critical Warning
Non-clocked sequential cell  
The clock pin DeterminantMicroBlaze_i/DeterminantTopModule_0/inst/one/determinant_reg[27]/C is not reached by a timing clock
Related violations: <none>

TIMING-17#117 Critical Warning
Non-clocked sequential cell  
The clock pin DeterminantMicroBlaze_i/DeterminantTopModule_0/inst/one/determinant_reg[28]/C is not reached by a timing clock
Related violations: <none>

TIMING-17#118 Critical Warning
Non-clocked sequential cell  
The clock pin DeterminantMicroBlaze_i/DeterminantTopModule_0/inst/one/determinant_reg[29]/C is not reached by a timing clock
Related violations: <none>

TIMING-17#119 Critical Warning
Non-clocked sequential cell  
The clock pin DeterminantMicroBlaze_i/DeterminantTopModule_0/inst/one/determinant_reg[2]/C is not reached by a timing clock
Related violations: <none>

TIMING-17#120 Critical Warning
Non-clocked sequential cell  
The clock pin DeterminantMicroBlaze_i/DeterminantTopModule_0/inst/one/determinant_reg[30]/C is not reached by a timing clock
Related violations: <none>

TIMING-17#121 Critical Warning
Non-clocked sequential cell  
The clock pin DeterminantMicroBlaze_i/DeterminantTopModule_0/inst/one/determinant_reg[31]/C is not reached by a timing clock
Related violations: <none>

TIMING-17#122 Critical Warning
Non-clocked sequential cell  
The clock pin DeterminantMicroBlaze_i/DeterminantTopModule_0/inst/one/determinant_reg[3]/C is not reached by a timing clock
Related violations: <none>

TIMING-17#123 Critical Warning
Non-clocked sequential cell  
The clock pin DeterminantMicroBlaze_i/DeterminantTopModule_0/inst/one/determinant_reg[4]/C is not reached by a timing clock
Related violations: <none>

TIMING-17#124 Critical Warning
Non-clocked sequential cell  
The clock pin DeterminantMicroBlaze_i/DeterminantTopModule_0/inst/one/determinant_reg[5]/C is not reached by a timing clock
Related violations: <none>

TIMING-17#125 Critical Warning
Non-clocked sequential cell  
The clock pin DeterminantMicroBlaze_i/DeterminantTopModule_0/inst/one/determinant_reg[6]/C is not reached by a timing clock
Related violations: <none>

TIMING-17#126 Critical Warning
Non-clocked sequential cell  
The clock pin DeterminantMicroBlaze_i/DeterminantTopModule_0/inst/one/determinant_reg[7]/C is not reached by a timing clock
Related violations: <none>

TIMING-17#127 Critical Warning
Non-clocked sequential cell  
The clock pin DeterminantMicroBlaze_i/DeterminantTopModule_0/inst/one/determinant_reg[8]/C is not reached by a timing clock
Related violations: <none>

TIMING-17#128 Critical Warning
Non-clocked sequential cell  
The clock pin DeterminantMicroBlaze_i/DeterminantTopModule_0/inst/one/determinant_reg[9]/C is not reached by a timing clock
Related violations: <none>

TIMING-27#1 Critical Warning
Invalid primary clock on hierarchical pin  
A primary clock DeterminantMicroBlaze_i/clk_wiz_0/inst/clk_in1 is created on an inappropriate internal pin DeterminantMicroBlaze_i/clk_wiz_0/inst/clk_in1. It is not recommended to create a primary clock on a hierarchical pin when its driver pin has a fanout connected to multiple clock pins
Related violations: <none>

LUTAR-1#1 Warning
LUT drives async reset alert  
LUT cell DeterminantMicroBlaze_i/mdm_1/U0/MDM_Core_I1/JTAG_CONTROL_I/sel_n_i_2, with 2 or more inputs, drives asynchronous preset/clear pin(s) DeterminantMicroBlaze_i/mdm_1/U0/MDM_Core_I1/JTAG_CONTROL_I/sel_n_reg/PRE. The LUT may glitch and trigger an unexpected reset, even if it is a properly timed path.
Related violations: <none>

LUTAR-1#2 Warning
LUT drives async reset alert  
LUT cell DeterminantMicroBlaze_i/mdm_1/U0/Use_E2.BSCAN_I/Use_Serial_Unified_Completion.completion_status[15]_i_1, with 2 or more inputs, drives asynchronous preset/clear pin(s) DeterminantMicroBlaze_i/mdm_1/U0/MDM_Core_I1/Use_BSCAN.Config_Reg_reg[0]/CLR, DeterminantMicroBlaze_i/mdm_1/U0/MDM_Core_I1/Use_BSCAN.Config_Reg_reg[10]/CLR, DeterminantMicroBlaze_i/mdm_1/U0/MDM_Core_I1/Use_BSCAN.Config_Reg_reg[26]/CLR, DeterminantMicroBlaze_i/mdm_1/U0/MDM_Core_I1/Use_BSCAN.Config_Reg_reg[3]/CLR, DeterminantMicroBlaze_i/mdm_1/U0/MDM_Core_I1/Use_BSCAN.Config_Reg_reg_c/CLR, DeterminantMicroBlaze_i/mdm_1/U0/MDM_Core_I1/Use_BSCAN.Config_Reg_reg_c_0/CLR, DeterminantMicroBlaze_i/mdm_1/U0/MDM_Core_I1/Use_BSCAN.Config_Reg_reg_c_1/CLR, DeterminantMicroBlaze_i/mdm_1/U0/MDM_Core_I1/Use_BSCAN.Config_Reg_reg_c_10/CLR, DeterminantMicroBlaze_i/mdm_1/U0/MDM_Core_I1/Use_BSCAN.Config_Reg_reg_c_11/CLR, DeterminantMicroBlaze_i/mdm_1/U0/MDM_Core_I1/Use_BSCAN.Config_Reg_reg_c_12/CLR, DeterminantMicroBlaze_i/mdm_1/U0/MDM_Core_I1/Use_BSCAN.Config_Reg_reg_c_2/CLR, DeterminantMicroBlaze_i/mdm_1/U0/MDM_Core_I1/Use_BSCAN.Config_Reg_reg_c_3/CLR, DeterminantMicroBlaze_i/mdm_1/U0/MDM_Core_I1/Use_BSCAN.Config_Reg_reg_c_4/CLR, DeterminantMicroBlaze_i/mdm_1/U0/MDM_Core_I1/Use_BSCAN.Config_Reg_reg_c_5/CLR, DeterminantMicroBlaze_i/mdm_1/U0/MDM_Core_I1/Use_BSCAN.Config_Reg_reg_c_6/CLR (the first 15 of 23 listed). The LUT may glitch and trigger an unexpected reset, even if it is a properly timed path.
Related violations: <none>

LUTAR-1#3 Warning
LUT drives async reset alert  
LUT cell DeterminantMicroBlaze_i/mdm_1/U0/Use_E2.BSCAN_I/Use_Serial_Unified_Completion.completion_status[15]_i_1, with 2 or more inputs, drives asynchronous preset/clear pin(s) DeterminantMicroBlaze_i/mdm_1/U0/MDM_Core_I1/Use_BSCAN.PORT_Selector_1_reg[0]/CLR, DeterminantMicroBlaze_i/mdm_1/U0/MDM_Core_I1/Use_BSCAN.PORT_Selector_1_reg[1]/CLR, DeterminantMicroBlaze_i/mdm_1/U0/MDM_Core_I1/Use_BSCAN.PORT_Selector_1_reg[2]/CLR, DeterminantMicroBlaze_i/mdm_1/U0/MDM_Core_I1/Use_BSCAN.PORT_Selector_1_reg[3]/CLR, DeterminantMicroBlaze_i/mdm_1/U0/MDM_Core_I1/Use_BSCAN.PORT_Selector_reg[0]/CLR, DeterminantMicroBlaze_i/mdm_1/U0/MDM_Core_I1/Use_BSCAN.PORT_Selector_reg[1]/CLR, DeterminantMicroBlaze_i/mdm_1/U0/MDM_Core_I1/Use_BSCAN.PORT_Selector_reg[2]/CLR, DeterminantMicroBlaze_i/mdm_1/U0/MDM_Core_I1/Use_BSCAN.PORT_Selector_reg[3]/CLR, DeterminantMicroBlaze_i/mdm_1/U0/MDM_Core_I1/Use_BSCAN.TDI_Shifter_reg[0]/CLR, DeterminantMicroBlaze_i/mdm_1/U0/MDM_Core_I1/Use_BSCAN.TDI_Shifter_reg[1]/CLR, DeterminantMicroBlaze_i/mdm_1/U0/MDM_Core_I1/Use_BSCAN.TDI_Shifter_reg[2]/CLR, DeterminantMicroBlaze_i/mdm_1/U0/MDM_Core_I1/Use_BSCAN.TDI_Shifter_reg[3]/CLR. The LUT may glitch and trigger an unexpected reset, even if it is a properly timed path.
Related violations: <none>

TIMING-9#1 Warning
Unknown CDC Logic  
One or more asynchronous Clock Domain Crossing has been detected between 2 clock domains through a set_false_path or a set_clock_groups or set_max_delay -datapath_only constraint but no double-registers logic synchronizer has been found on the side of the capture clock. It is recommended to run report_cdc for a complete and detailed CDC coverage. Please consider using XPM_CDC to avoid Critical severities
Related violations: <none>

TIMING-18#1 Warning
Missing input or output delay  
An input delay is missing on reset relative to clock(s) DeterminantMicroBlaze_i/clk_wiz_0/inst/clk_in1
Related violations: <none>

TIMING-18#2 Warning
Missing input or output delay  
An input delay is missing on usb_uart_rxd relative to clock(s) DeterminantMicroBlaze_i/clk_wiz_0/inst/clk_in1
Related violations: <none>

TIMING-18#3 Warning
Missing input or output delay  
An output delay is missing on LED[0] relative to clock(s) DeterminantMicroBlaze_i/clk_wiz_0/inst/clk_in1
Related violations: <none>

TIMING-18#4 Warning
Missing input or output delay  
An output delay is missing on LED[10] relative to clock(s) DeterminantMicroBlaze_i/clk_wiz_0/inst/clk_in1
Related violations: <none>

TIMING-18#5 Warning
Missing input or output delay  
An output delay is missing on LED[11] relative to clock(s) DeterminantMicroBlaze_i/clk_wiz_0/inst/clk_in1
Related violations: <none>

TIMING-18#6 Warning
Missing input or output delay  
An output delay is missing on LED[12] relative to clock(s) DeterminantMicroBlaze_i/clk_wiz_0/inst/clk_in1
Related violations: <none>

TIMING-18#7 Warning
Missing input or output delay  
An output delay is missing on LED[13] relative to clock(s) DeterminantMicroBlaze_i/clk_wiz_0/inst/clk_in1
Related violations: <none>

TIMING-18#8 Warning
Missing input or output delay  
An output delay is missing on LED[14] relative to clock(s) DeterminantMicroBlaze_i/clk_wiz_0/inst/clk_in1
Related violations: <none>

TIMING-18#9 Warning
Missing input or output delay  
An output delay is missing on LED[15] relative to clock(s) DeterminantMicroBlaze_i/clk_wiz_0/inst/clk_in1
Related violations: <none>

TIMING-18#10 Warning
Missing input or output delay  
An output delay is missing on LED[1] relative to clock(s) DeterminantMicroBlaze_i/clk_wiz_0/inst/clk_in1
Related violations: <none>

TIMING-18#11 Warning
Missing input or output delay  
An output delay is missing on LED[2] relative to clock(s) DeterminantMicroBlaze_i/clk_wiz_0/inst/clk_in1
Related violations: <none>

TIMING-18#12 Warning
Missing input or output delay  
An output delay is missing on LED[3] relative to clock(s) DeterminantMicroBlaze_i/clk_wiz_0/inst/clk_in1
Related violations: <none>

TIMING-18#13 Warning
Missing input or output delay  
An output delay is missing on LED[4] relative to clock(s) DeterminantMicroBlaze_i/clk_wiz_0/inst/clk_in1
Related violations: <none>

TIMING-18#14 Warning
Missing input or output delay  
An output delay is missing on LED[5] relative to clock(s) DeterminantMicroBlaze_i/clk_wiz_0/inst/clk_in1
Related violations: <none>

TIMING-18#15 Warning
Missing input or output delay  
An output delay is missing on LED[6] relative to clock(s) DeterminantMicroBlaze_i/clk_wiz_0/inst/clk_in1
Related violations: <none>

TIMING-18#16 Warning
Missing input or output delay  
An output delay is missing on LED[7] relative to clock(s) DeterminantMicroBlaze_i/clk_wiz_0/inst/clk_in1
Related violations: <none>

TIMING-18#17 Warning
Missing input or output delay  
An output delay is missing on LED[8] relative to clock(s) DeterminantMicroBlaze_i/clk_wiz_0/inst/clk_in1
Related violations: <none>

TIMING-18#18 Warning
Missing input or output delay  
An output delay is missing on LED[9] relative to clock(s) DeterminantMicroBlaze_i/clk_wiz_0/inst/clk_in1
Related violations: <none>

TIMING-18#19 Warning
Missing input or output delay  
An output delay is missing on usb_uart_txd relative to clock(s) DeterminantMicroBlaze_i/clk_wiz_0/inst/clk_in1
Related violations: <none>


