Copyright 1986-2019 Xilinx, Inc. All Rights Reserved.
----------------------------------------------------------------------------------------------------------
| Tool Version : Vivado v.2019.1 (win64) Build 2552052 Fri May 24 14:49:42 MDT 2019
| Date         : Mon May 10 19:04:18 2021
| Host         : DESKTOP-NDOLUA7 running 64-bit major release  (build 9200)
| Command      : report_control_sets -verbose -file DeterminantMicroBlaze_wrapper_control_sets_placed.rpt
| Design       : DeterminantMicroBlaze_wrapper
| Device       : xc7a100t
----------------------------------------------------------------------------------------------------------

Control Set Information

Table of Contents
-----------------
1. Summary
2. Histogram
3. Flip-Flop Distribution
4. Detailed Control Set Information

1. Summary
----------

+----------------------------------------------------------+-------+
|                          Status                          | Count |
+----------------------------------------------------------+-------+
| Total control sets                                       |   150 |
|    Minimum number of control sets                        |   150 |
|    Addition due to synthesis replication                 |     0 |
|    Addition due to physical synthesis replication        |     0 |
| Unused register locations in slices containing registers |   369 |
+----------------------------------------------------------+-------+
* Control sets can be merged at opt_design using control_set_merge or merge_equivalent_drivers
** Run report_qor_suggestions for automated merging and remapping suggestions


2. Histogram
------------

+--------------------+-------+
|       Fanout       | Count |
+--------------------+-------+
| Total control sets |   150 |
| >= 0 to < 4        |    15 |
| >= 4 to < 6        |    40 |
| >= 6 to < 8        |     9 |
| >= 8 to < 10       |     9 |
| >= 10 to < 12      |     4 |
| >= 12 to < 14      |     0 |
| >= 14 to < 16      |     0 |
| >= 16              |    73 |
+--------------------+-------+
* Control sets can be remapped at either synth_design or opt_design


3. Flip-Flop Distribution
-------------------------

+--------------+-----------------------+------------------------+-----------------+--------------+
| Clock Enable | Synchronous Set/Reset | Asynchronous Set/Reset | Total Registers | Total Slices |
+--------------+-----------------------+------------------------+-----------------+--------------+
| No           | No                    | No                     |             406 |          157 |
| No           | No                    | Yes                    |              61 |           16 |
| No           | Yes                   | No                     |            1120 |          371 |
| Yes          | No                    | No                     |             316 |           88 |
| Yes          | No                    | Yes                    |              15 |            8 |
| Yes          | Yes                   | No                     |            1529 |          500 |
+--------------+-----------------------+------------------------+-----------------+--------------+


4. Detailed Control Set Information
-----------------------------------

+-----------------------------------------------------------------------------+-------------------------------------------------------------------------------------------------------------------------------------------------------------------------------------------------------------------------+-------------------------------------------------------------------------------------------------------------------------------------------------------------+------------------+----------------+
|                                 Clock Signal                                |                                                                                                      Enable Signal                                                                                                      |                                                                       Set/Reset Signal                                                                      | Slice Load Count | Bel Load Count |
+-----------------------------------------------------------------------------+-------------------------------------------------------------------------------------------------------------------------------------------------------------------------------------------------------------------------+-------------------------------------------------------------------------------------------------------------------------------------------------------------+------------------+----------------+
|  DeterminantMicroBlaze_i/clk_wiz_0/inst/clk_out1                            |                                                                                                                                                                                                                         | DeterminantMicroBlaze_i/axi_timer_0/U0/TC_CORE_I/TIMER_CONTROL_I/R_0                                                                                        |                1 |              1 |
|  DeterminantMicroBlaze_i/mdm_1/U0/Use_E2.BSCAN_I/Dbg_Update_0               | DeterminantMicroBlaze_i/microblaze_0/U0/MicroBlaze_Core_I/Performance.Core/Use_Debug_Logic.Master_Core.Debug_Perf/Control_Reg_En                                                                                        | DeterminantMicroBlaze_i/microblaze_0/U0/MicroBlaze_Core_I/Performance.Core/Use_Debug_Logic.Master_Core.Debug_Perf/Serial_Dbg_Intf.continue_from_brk_reg_n_0 |                1 |              1 |
|  DeterminantMicroBlaze_i/clk_wiz_0/inst/clk_out1                            |                                                                                                                                                                                                                         | DeterminantMicroBlaze_i/axi_timer_0/U0/AXI4_LITE_I/I_SLAVE_ATTACHMENT/I_DECODER/GEN_BKEND_CE_REGISTERS[4].ce_out_i_reg[4]_0                                 |                1 |              1 |
| ~DeterminantMicroBlaze_i/mdm_1/U0/No_Dbg_Reg_Access.BUFG_DRCK/Ext_JTAG_DRCK | DeterminantMicroBlaze_i/mdm_1/U0/MDM_Core_I1/JTAG_CONTROL_I/Use_BSCAN.FDC_I/CE                                                                                                                                          | DeterminantMicroBlaze_i/mdm_1/U0/MDM_Core_I1/JTAG_CONTROL_I/Use_BSCAN.FDC_I/D_1                                                                             |                1 |              1 |
|  DeterminantMicroBlaze_i/clk_wiz_0/inst/clk_out1                            |                                                                                                                                                                                                                         | DeterminantMicroBlaze_i/axi_timer_0/U0/TC_CORE_I/TIMER_CONTROL_I/READ_DONE1_I_i_1_n_0                                                                       |                1 |              1 |
|  DeterminantMicroBlaze_i/mdm_1/U0/No_Dbg_Reg_Access.BUFG_DRCK/Ext_JTAG_DRCK | DeterminantMicroBlaze_i/mdm_1/U0/Use_E2.BSCAN_I/Use_BSCAN.PORT_Selector_reg[0]                                                                                                                                          | DeterminantMicroBlaze_i/mdm_1/U0/MDM_Core_I1/JTAG_CONTROL_I/sel_with_scan_reset19_out                                                                       |                1 |              1 |
|  DeterminantMicroBlaze_i/clk_wiz_0/inst/clk_out1                            |                                                                                                                                                                                                                         | DeterminantMicroBlaze_i/axi_timer_0/U0/AXI4_LITE_I/I_SLAVE_ATTACHMENT/I_DECODER/GEN_BKEND_CE_REGISTERS[0].ce_out_i_reg[0]_0                                 |                1 |              1 |
| ~DeterminantMicroBlaze_i/mdm_1/U0/Use_E2.BSCAN_I/Dbg_Update_0               |                                                                                                                                                                                                                         | DeterminantMicroBlaze_i/mdm_1/U0/MDM_Core_I1/JTAG_CONTROL_I/sel_n                                                                                           |                1 |              1 |
|  DeterminantMicroBlaze_i/clk_wiz_0/inst/clk_out1                            |                                                                                                                                                                                                                         | DeterminantMicroBlaze_i/microblaze_0/U0/MicroBlaze_Core_I/Performance.Core/Use_Debug_Logic.Master_Core.Debug_Perf/capture_1                                 |                1 |              1 |
|  DeterminantMicroBlaze_i/mdm_1/U0/Use_E2.BSCAN_I/Dbg_Update_0               | DeterminantMicroBlaze_i/microblaze_0/U0/MicroBlaze_Core_I/Performance.Core/Use_Debug_Logic.Master_Core.Debug_Perf/Control_Reg_En                                                                                        | DeterminantMicroBlaze_i/microblaze_0/U0/MicroBlaze_Core_I/Performance.Core/Use_Debug_Logic.Master_Core.Debug_Perf/Serial_Dbg_Intf.normal_stop_cmd_i_reg_n_0 |                1 |              1 |
|  DeterminantMicroBlaze_i/mdm_1/U0/Use_E2.BSCAN_I/Dbg_Update_0               | DeterminantMicroBlaze_i/microblaze_0/U0/MicroBlaze_Core_I/Performance.Core/Use_Debug_Logic.Master_Core.Debug_Perf/Control_Reg_En                                                                                        | DeterminantMicroBlaze_i/microblaze_0/U0/MicroBlaze_Core_I/Performance.Core/Use_Debug_Logic.Master_Core.Debug_Perf/Serial_Dbg_Intf.force_stop_cmd_i_reg_0    |                1 |              1 |
|  DeterminantMicroBlaze_i/mdm_1/U0/Use_E2.BSCAN_I/Dbg_Update_0               | DeterminantMicroBlaze_i/microblaze_0/U0/MicroBlaze_Core_I/Performance.Core/Use_Debug_Logic.Master_Core.Debug_Perf/Control_Reg_En                                                                                        | DeterminantMicroBlaze_i/microblaze_0/U0/MicroBlaze_Core_I/Performance.Core/Use_Debug_Logic.Master_Core.Debug_Perf/start_single_step_reg_n_0                 |                1 |              1 |
|  DeterminantMicroBlaze_i/clk_wiz_0/inst/clk_out1                            | DeterminantMicroBlaze_i/microblaze_0/U0/MicroBlaze_Core_I/Performance.Core/Decode_I/Use_MuxCy[11].OF_Piperun_Stage/MUXCY_I/of_pause_reg                                                                                 |                                                                                                                                                             |                1 |              2 |
|  DeterminantMicroBlaze_i/mdm_1/U0/Use_E2.BSCAN_I/Dbg_Update_0               | DeterminantMicroBlaze_i/microblaze_0/U0/MicroBlaze_Core_I/Performance.Core/Use_Debug_Logic.Master_Core.Debug_Perf/Command_Reg_En                                                                                        | DeterminantMicroBlaze_i/microblaze_0/U0/MicroBlaze_Core_I/Performance.Core/Use_Debug_Logic.Master_Core.Debug_Perf/command_reg_clear                         |                1 |              2 |
|  DeterminantMicroBlaze_i/mdm_1/U0/Use_E2.BSCAN_I/Dbg_Update_0               |                                                                                                                                                                                                                         |                                                                                                                                                             |                1 |              3 |
|  DeterminantMicroBlaze_i/clk_wiz_0/inst/clk_out1                            | DeterminantMicroBlaze_i/axi_gpio_9/U0/AXI_LITE_IPIF_I/I_SLAVE_ATTACHMENT/start2                                                                                                                                         | DeterminantMicroBlaze_i/axi_gpio_9/U0/AXI_LITE_IPIF_I/I_SLAVE_ATTACHMENT/I_DECODER/cs_ce_clr                                                                |                1 |              4 |
|  DeterminantMicroBlaze_i/clk_wiz_0/inst/clk_out1                            | DeterminantMicroBlaze_i/axi_gpio_8/U0/AXI_LITE_IPIF_I/I_SLAVE_ATTACHMENT/start2                                                                                                                                         | DeterminantMicroBlaze_i/axi_gpio_8/U0/AXI_LITE_IPIF_I/I_SLAVE_ATTACHMENT/I_DECODER/cs_ce_clr                                                                |                1 |              4 |
|  DeterminantMicroBlaze_i/clk_wiz_0/inst/clk_out1                            | DeterminantMicroBlaze_i/axi_gpio_6/U0/AXI_LITE_IPIF_I/I_SLAVE_ATTACHMENT/start2                                                                                                                                         | DeterminantMicroBlaze_i/axi_gpio_6/U0/AXI_LITE_IPIF_I/I_SLAVE_ATTACHMENT/I_DECODER/cs_ce_clr                                                                |                1 |              4 |
|  DeterminantMicroBlaze_i/clk_wiz_0/inst/clk_out1                            |                                                                                                                                                                                                                         | DeterminantMicroBlaze_i/axi_gpio_5/U0/AXI_LITE_IPIF_I/I_SLAVE_ATTACHMENT/clear                                                                              |                1 |              4 |
|  DeterminantMicroBlaze_i/clk_wiz_0/inst/clk_out1                            | DeterminantMicroBlaze_i/axi_gpio_9/U0/AXI_LITE_IPIF_I/I_SLAVE_ATTACHMENT/bus2ip_addr_i[8]_i_1_n_0                                                                                                                       | DeterminantMicroBlaze_i/axi_gpio_9/U0/AXI_LITE_IPIF_I/I_SLAVE_ATTACHMENT/SR[0]                                                                              |                2 |              4 |
|  DeterminantMicroBlaze_i/clk_wiz_0/inst/clk_out1                            |                                                                                                                                                                                                                         | DeterminantMicroBlaze_i/axi_gpio_6/U0/AXI_LITE_IPIF_I/I_SLAVE_ATTACHMENT/clear                                                                              |                1 |              4 |
|  DeterminantMicroBlaze_i/clk_wiz_0/inst/clk_out1                            | DeterminantMicroBlaze_i/axi_gpio_7/U0/AXI_LITE_IPIF_I/I_SLAVE_ATTACHMENT/start2                                                                                                                                         | DeterminantMicroBlaze_i/axi_gpio_7/U0/AXI_LITE_IPIF_I/I_SLAVE_ATTACHMENT/I_DECODER/cs_ce_clr                                                                |                1 |              4 |
|  DeterminantMicroBlaze_i/clk_wiz_0/inst/clk_out1                            |                                                                                                                                                                                                                         | DeterminantMicroBlaze_i/axi_gpio_0/U0/AXI_LITE_IPIF_I/I_SLAVE_ATTACHMENT/clear                                                                              |                1 |              4 |
|  DeterminantMicroBlaze_i/clk_wiz_0/inst/clk_out1                            | DeterminantMicroBlaze_i/axi_gpio_7/U0/AXI_LITE_IPIF_I/I_SLAVE_ATTACHMENT/bus2ip_addr_i[8]_i_1_n_0                                                                                                                       | DeterminantMicroBlaze_i/axi_gpio_7/U0/AXI_LITE_IPIF_I/I_SLAVE_ATTACHMENT/SR[0]                                                                              |                1 |              4 |
|  DeterminantMicroBlaze_i/clk_wiz_0/inst/clk_out1                            |                                                                                                                                                                                                                         | DeterminantMicroBlaze_i/axi_gpio_4/U0/AXI_LITE_IPIF_I/I_SLAVE_ATTACHMENT/clear                                                                              |                1 |              4 |
|  DeterminantMicroBlaze_i/clk_wiz_0/inst/clk_out1                            | DeterminantMicroBlaze_i/axi_gpio_2/U0/AXI_LITE_IPIF_I/I_SLAVE_ATTACHMENT/start2                                                                                                                                         | DeterminantMicroBlaze_i/axi_gpio_2/U0/AXI_LITE_IPIF_I/I_SLAVE_ATTACHMENT/I_DECODER/cs_ce_clr                                                                |                1 |              4 |
|  DeterminantMicroBlaze_i/clk_wiz_0/inst/clk_out1                            |                                                                                                                                                                                                                         | DeterminantMicroBlaze_i/axi_gpio_1/U0/AXI_LITE_IPIF_I/I_SLAVE_ATTACHMENT/clear                                                                              |                1 |              4 |
|  DeterminantMicroBlaze_i/clk_wiz_0/inst/clk_out1                            |                                                                                                                                                                                                                         | DeterminantMicroBlaze_i/axi_gpio_3/U0/AXI_LITE_IPIF_I/I_SLAVE_ATTACHMENT/clear                                                                              |                1 |              4 |
|  DeterminantMicroBlaze_i/clk_wiz_0/inst/clk_out1                            | DeterminantMicroBlaze_i/axi_gpio_3/U0/AXI_LITE_IPIF_I/I_SLAVE_ATTACHMENT/start2                                                                                                                                         | DeterminantMicroBlaze_i/axi_gpio_3/U0/AXI_LITE_IPIF_I/I_SLAVE_ATTACHMENT/I_DECODER/cs_ce_clr                                                                |                1 |              4 |
|  DeterminantMicroBlaze_i/clk_wiz_0/inst/clk_out1                            |                                                                                                                                                                                                                         | DeterminantMicroBlaze_i/axi_gpio_2/U0/AXI_LITE_IPIF_I/I_SLAVE_ATTACHMENT/clear                                                                              |                1 |              4 |
|  DeterminantMicroBlaze_i/clk_wiz_0/inst/clk_out1                            | DeterminantMicroBlaze_i/axi_gpio_3/U0/AXI_LITE_IPIF_I/I_SLAVE_ATTACHMENT/bus2ip_addr_i[8]_i_1_n_0                                                                                                                       | DeterminantMicroBlaze_i/axi_gpio_3/U0/AXI_LITE_IPIF_I/I_SLAVE_ATTACHMENT/SR[0]                                                                              |                1 |              4 |
|  DeterminantMicroBlaze_i/clk_wiz_0/inst/clk_out1                            | DeterminantMicroBlaze_i/axi_gpio_0/U0/AXI_LITE_IPIF_I/I_SLAVE_ATTACHMENT/bus2ip_addr_i[8]_i_1_n_0                                                                                                                       | DeterminantMicroBlaze_i/axi_gpio_0/U0/AXI_LITE_IPIF_I/I_SLAVE_ATTACHMENT/SR[0]                                                                              |                2 |              4 |
|  DeterminantMicroBlaze_i/clk_wiz_0/inst/clk_out1                            | DeterminantMicroBlaze_i/axi_gpio_2/U0/AXI_LITE_IPIF_I/I_SLAVE_ATTACHMENT/bus2ip_addr_i[8]_i_1_n_0                                                                                                                       | DeterminantMicroBlaze_i/axi_gpio_2/U0/AXI_LITE_IPIF_I/I_SLAVE_ATTACHMENT/SR[0]                                                                              |                1 |              4 |
|  DeterminantMicroBlaze_i/clk_wiz_0/inst/clk_out1                            | DeterminantMicroBlaze_i/axi_gpio_1/U0/AXI_LITE_IPIF_I/I_SLAVE_ATTACHMENT/bus2ip_addr_i[8]_i_1_n_0                                                                                                                       | DeterminantMicroBlaze_i/axi_gpio_1/U0/AXI_LITE_IPIF_I/I_SLAVE_ATTACHMENT/SR[0]                                                                              |                1 |              4 |
|  DeterminantMicroBlaze_i/clk_wiz_0/inst/clk_out1                            | DeterminantMicroBlaze_i/axi_gpio_5/U0/AXI_LITE_IPIF_I/I_SLAVE_ATTACHMENT/start2                                                                                                                                         | DeterminantMicroBlaze_i/axi_gpio_5/U0/AXI_LITE_IPIF_I/I_SLAVE_ATTACHMENT/I_DECODER/cs_ce_clr                                                                |                1 |              4 |
|  DeterminantMicroBlaze_i/clk_wiz_0/inst/clk_out1                            | DeterminantMicroBlaze_i/axi_gpio_5/U0/AXI_LITE_IPIF_I/I_SLAVE_ATTACHMENT/bus2ip_addr_i[8]_i_1_n_0                                                                                                                       | DeterminantMicroBlaze_i/axi_gpio_5/U0/AXI_LITE_IPIF_I/I_SLAVE_ATTACHMENT/SR[0]                                                                              |                1 |              4 |
|  DeterminantMicroBlaze_i/clk_wiz_0/inst/clk_out1                            | DeterminantMicroBlaze_i/axi_gpio_1/U0/AXI_LITE_IPIF_I/I_SLAVE_ATTACHMENT/start2                                                                                                                                         | DeterminantMicroBlaze_i/axi_gpio_1/U0/AXI_LITE_IPIF_I/I_SLAVE_ATTACHMENT/I_DECODER/cs_ce_clr                                                                |                1 |              4 |
|  DeterminantMicroBlaze_i/clk_wiz_0/inst/clk_out1                            |                                                                                                                                                                                                                         | DeterminantMicroBlaze_i/axi_gpio_9/U0/AXI_LITE_IPIF_I/I_SLAVE_ATTACHMENT/clear                                                                              |                1 |              4 |
|  DeterminantMicroBlaze_i/clk_wiz_0/inst/clk_out1                            | DeterminantMicroBlaze_i/axi_gpio_4/U0/AXI_LITE_IPIF_I/I_SLAVE_ATTACHMENT/start2                                                                                                                                         | DeterminantMicroBlaze_i/axi_gpio_4/U0/AXI_LITE_IPIF_I/I_SLAVE_ATTACHMENT/I_DECODER/cs_ce_clr                                                                |                1 |              4 |
|  DeterminantMicroBlaze_i/clk_wiz_0/inst/clk_out1                            |                                                                                                                                                                                                                         | DeterminantMicroBlaze_i/axi_gpio_7/U0/AXI_LITE_IPIF_I/I_SLAVE_ATTACHMENT/clear                                                                              |                1 |              4 |
|  DeterminantMicroBlaze_i/clk_wiz_0/inst/clk_out1                            | DeterminantMicroBlaze_i/axi_gpio_0/U0/AXI_LITE_IPIF_I/I_SLAVE_ATTACHMENT/start2                                                                                                                                         | DeterminantMicroBlaze_i/axi_gpio_0/U0/AXI_LITE_IPIF_I/I_SLAVE_ATTACHMENT/I_DECODER/cs_ce_clr                                                                |                2 |              4 |
|  DeterminantMicroBlaze_i/clk_wiz_0/inst/clk_out1                            | DeterminantMicroBlaze_i/axi_gpio_6/U0/AXI_LITE_IPIF_I/I_SLAVE_ATTACHMENT/bus2ip_addr_i[8]_i_1_n_0                                                                                                                       | DeterminantMicroBlaze_i/axi_gpio_6/U0/AXI_LITE_IPIF_I/I_SLAVE_ATTACHMENT/SR[0]                                                                              |                1 |              4 |
|  DeterminantMicroBlaze_i/clk_wiz_0/inst/clk_out1                            | DeterminantMicroBlaze_i/axi_timer_0/U0/AXI4_LITE_I/I_SLAVE_ATTACHMENT/bus2ip_addr_i[4]_i_1_n_0                                                                                                                          | DeterminantMicroBlaze_i/axi_timer_0/U0/AXI4_LITE_I/I_SLAVE_ATTACHMENT/rst                                                                                   |                1 |              4 |
|  DeterminantMicroBlaze_i/clk_wiz_0/inst/clk_out1                            | DeterminantMicroBlaze_i/axi_uartlite_0/U0/AXI_LITE_IPIF_I/I_SLAVE_ATTACHMENT/start2                                                                                                                                     | DeterminantMicroBlaze_i/axi_uartlite_0/U0/AXI_LITE_IPIF_I/I_SLAVE_ATTACHMENT/I_DECODER/cs_ce_clr                                                            |                2 |              4 |
|  DeterminantMicroBlaze_i/mdm_1/U0/No_Dbg_Reg_Access.BUFG_DRCK/Ext_JTAG_DRCK | DeterminantMicroBlaze_i/mdm_1/U0/MDM_Core_I1/p_3_out                                                                                                                                                                    | DeterminantMicroBlaze_i/mdm_1/U0/Use_E2.BSCAN_I/AR[0]                                                                                                       |                1 |              4 |
|  DeterminantMicroBlaze_i/clk_wiz_0/inst/clk_out1                            | DeterminantMicroBlaze_i/axi_uartlite_0/U0/UARTLITE_CORE_I/BAUD_RATE_I/p_2_out[0]                                                                                                                                        |                                                                                                                                                             |                1 |              4 |
|  DeterminantMicroBlaze_i/mdm_1/U0/Use_E2.BSCAN_I/Dbg_Update_0               | DeterminantMicroBlaze_i/microblaze_0/U0/MicroBlaze_Core_I/Performance.Core/Use_Debug_Logic.Master_Core.Debug_Perf/Control_Reg_En                                                                                        |                                                                                                                                                             |                2 |              4 |
|  DeterminantMicroBlaze_i/clk_wiz_0/inst/clk_out1                            | DeterminantMicroBlaze_i/axi_gpio_8/U0/AXI_LITE_IPIF_I/I_SLAVE_ATTACHMENT/bus2ip_addr_i[8]_i_1_n_0                                                                                                                       | DeterminantMicroBlaze_i/axi_gpio_8/U0/AXI_LITE_IPIF_I/I_SLAVE_ATTACHMENT/SR[0]                                                                              |                2 |              4 |
|  DeterminantMicroBlaze_i/clk_wiz_0/inst/clk_out1                            | DeterminantMicroBlaze_i/axi_timer_0/U0/AXI4_LITE_I/I_SLAVE_ATTACHMENT/I_DECODER/pair0_Select                                                                                                                            | DeterminantMicroBlaze_i/axi_timer_0/U0/TC_CORE_I/GEN_SECOND_TIMER.COUNTER_1_I/COUNTER_I/s_axi_aresetn_0                                                     |                1 |              4 |
|  DeterminantMicroBlaze_i/clk_wiz_0/inst/clk_out1                            | DeterminantMicroBlaze_i/axi_gpio_4/U0/AXI_LITE_IPIF_I/I_SLAVE_ATTACHMENT/bus2ip_addr_i[8]_i_1_n_0                                                                                                                       | DeterminantMicroBlaze_i/axi_gpio_4/U0/AXI_LITE_IPIF_I/I_SLAVE_ATTACHMENT/SR[0]                                                                              |                1 |              4 |
|  DeterminantMicroBlaze_i/clk_wiz_0/inst/clk_out1                            |                                                                                                                                                                                                                         | DeterminantMicroBlaze_i/axi_gpio_8/U0/AXI_LITE_IPIF_I/I_SLAVE_ATTACHMENT/clear                                                                              |                1 |              4 |
| ~DeterminantMicroBlaze_i/mdm_1/U0/Use_E2.BSCAN_I/Dbg_Update_0               |                                                                                                                                                                                                                         | DeterminantMicroBlaze_i/mdm_1/U0/Use_E2.BSCAN_I/AR[0]                                                                                                       |                1 |              4 |
|  DeterminantMicroBlaze_i/mdm_1/U0/Use_E2.BSCAN_I/Dbg_Update_0               | DeterminantMicroBlaze_i/mdm_1/U0/MDM_Core_I1/MDM_SEL                                                                                                                                                                    | DeterminantMicroBlaze_i/mdm_1/U0/Use_E2.BSCAN_I/AR[0]                                                                                                       |                1 |              4 |
|  DeterminantMicroBlaze_i/clk_wiz_0/inst/clk_out1                            | DeterminantMicroBlaze_i/microblaze_0/U0/MicroBlaze_Core_I/Performance.Core/Decode_I/wb_Halted                                                                                                                           | DeterminantMicroBlaze_i/microblaze_0/U0/MicroBlaze_Core_I/sync_reset                                                                                        |                2 |              5 |
|  DeterminantMicroBlaze_i/clk_wiz_0/inst/clk_out1                            |                                                                                                                                                                                                                         | DeterminantMicroBlaze_i/rst_clk_wiz_0_100M/U0/EXT_LPF/lpf_int                                                                                               |                2 |              5 |
|  DeterminantMicroBlaze_i/mdm_1/U0/No_Dbg_Reg_Access.BUFG_DRCK/Ext_JTAG_DRCK | DeterminantMicroBlaze_i/mdm_1/U0/MDM_Core_I1/JTAG_CONTROL_I/Use_BSCAN.FDC_I/Use_BSCAN.command_reg[5][0]                                                                                                                 |                                                                                                                                                             |                1 |              6 |
|  DeterminantMicroBlaze_i/clk_wiz_0/inst/clk_out1                            |                                                                                                                                                                                                                         | DeterminantMicroBlaze_i/axi_timer_0/U0/AXI4_LITE_I/I_SLAVE_ATTACHMENT/INCLUDE_DPHASE_TIMER.dpto_cnt[5]_i_1_n_0                                              |                2 |              6 |
|  DeterminantMicroBlaze_i/clk_wiz_0/inst/clk_out1                            |                                                                                                                                                                                                                         | DeterminantMicroBlaze_i/axi_uartlite_0/U0/UARTLITE_CORE_I/UARTLITE_TX_I/SRL_FIFO_I/I_SRL_FIFO_RBU_F/CNTR_INCR_DECR_ADDN_F_I/SS[0]                           |                2 |              6 |
|  DeterminantMicroBlaze_i/clk_wiz_0/inst/clk_out1                            |                                                                                                                                                                                                                         | DeterminantMicroBlaze_i/axi_uartlite_0/U0/UARTLITE_CORE_I/UARTLITE_RX_I/SRL_FIFO_I/I_SRL_FIFO_RBU_F/CNTR_INCR_DECR_ADDN_F_I/SS[0]                           |                2 |              6 |
|  DeterminantMicroBlaze_i/mdm_1/U0/No_Dbg_Reg_Access.BUFG_DRCK/Ext_JTAG_DRCK | DeterminantMicroBlaze_i/mdm_1/U0/Use_E2.BSCAN_I/E[0]                                                                                                                                                                    |                                                                                                                                                             |                1 |              6 |
|  DeterminantMicroBlaze_i/clk_wiz_0/inst/clk_out1                            | DeterminantMicroBlaze_i/rst_clk_wiz_0_100M/U0/SEQ/seq_cnt_en                                                                                                                                                            | DeterminantMicroBlaze_i/rst_clk_wiz_0_100M/U0/SEQ/SEQ_COUNTER/clear                                                                                         |                1 |              6 |
|  DeterminantMicroBlaze_i/mdm_1/U0/No_Dbg_Reg_Access.BUFG_DRCK/Ext_JTAG_DRCK | DeterminantMicroBlaze_i/mdm_1/U0/Use_E2.BSCAN_I/Use_BSCAN.command_reg[5][0]                                                                                                                                             |                                                                                                                                                             |                3 |              6 |
|  DeterminantMicroBlaze_i/clk_wiz_0/inst/clk_out1                            | DeterminantMicroBlaze_i/axi_timer_0/U0/AXI4_LITE_I/I_SLAVE_ATTACHMENT/start2                                                                                                                                            | DeterminantMicroBlaze_i/axi_timer_0/U0/AXI4_LITE_I/I_SLAVE_ATTACHMENT/I_DECODER/cs_ce_clr                                                                   |                2 |              7 |
|  DeterminantMicroBlaze_i/clk_wiz_0/inst/clk_out1                            | DeterminantMicroBlaze_i/axi_uartlite_0/U0/UARTLITE_CORE_I/BAUD_RATE_I/p_2_out[0]                                                                                                                                        | DeterminantMicroBlaze_i/axi_uartlite_0/U0/UARTLITE_CORE_I/UARTLITE_RX_I/SERIAL_TO_PARALLEL[8].fifo_din[8]_i_1_n_0                                           |                2 |              7 |
| ~DeterminantMicroBlaze_i/mdm_1/U0/Use_E2.BSCAN_I/Dbg_Update_0               | DeterminantMicroBlaze_i/mdm_1/U0/MDM_Core_I1/JTAG_CONTROL_I/Use_BSCAN.command[0]_i_1_n_0                                                                                                                                |                                                                                                                                                             |                3 |              8 |
|  DeterminantMicroBlaze_i/clk_wiz_0/inst/clk_out1                            | DeterminantMicroBlaze_i/axi_timer_0/U0/AXI4_LITE_I/I_SLAVE_ATTACHMENT/I_DECODER/bus2ip_wrce[0]                                                                                                                          | DeterminantMicroBlaze_i/axi_timer_0/U0/TC_CORE_I/GEN_SECOND_TIMER.COUNTER_1_I/COUNTER_I/s_axi_aresetn_0                                                     |                3 |              8 |
|  DeterminantMicroBlaze_i/clk_wiz_0/inst/clk_out1                            | DeterminantMicroBlaze_i/axi_uartlite_0/U0/AXI_LITE_IPIF_I/I_SLAVE_ATTACHMENT/I_DECODER/fifo_wr                                                                                                                          |                                                                                                                                                             |                1 |              8 |
|  DeterminantMicroBlaze_i/mdm_1/U0/No_Dbg_Reg_Access.BUFG_DRCK/Ext_JTAG_DRCK | DeterminantMicroBlaze_i/mdm_1/U0/MDM_Core_I1/JTAG_CONTROL_I/tdi_shifter0                                                                                                                                                |                                                                                                                                                             |                2 |              8 |
|  DeterminantMicroBlaze_i/mdm_1/U0/No_Dbg_Reg_Access.BUFG_DRCK/Ext_JTAG_DRCK | DeterminantMicroBlaze_i/microblaze_0/U0/MicroBlaze_Core_I/Performance.Core/Use_Debug_Logic.Master_Core.Debug_Perf/Using_PC_Breakpoints.All_PC_Brks[0].Serial_Interface_1.address_hit_I/Compare[0].SRLC16E_I/which_pc__0 |                                                                                                                                                             |                7 |              8 |
|  DeterminantMicroBlaze_i/clk_wiz_0/inst/clk_out1                            | DeterminantMicroBlaze_i/axi_uartlite_0/U0/UARTLITE_CORE_I/UARTLITE_RX_I/SRL_FIFO_I/I_SRL_FIFO_RBU_F/DYNSHREG_F_I/fifo_wr                                                                                                |                                                                                                                                                             |                1 |              8 |
|  DeterminantMicroBlaze_i/mdm_1/U0/Use_E2.BSCAN_I/Dbg_Update_0               | DeterminantMicroBlaze_i/mdm_1/U0/MDM_Core_I1/JTAG_CONTROL_I/Use_BSCAN.FDC_I/Use_BSCAN.PORT_Selector_reg[2][0]                                                                                                           |                                                                                                                                                             |                1 |              8 |
|  DeterminantMicroBlaze_i/clk_wiz_0/inst/clk_out1                            | DeterminantMicroBlaze_i/axi_uartlite_0/U0/AXI_LITE_IPIF_I/I_SLAVE_ATTACHMENT/s_axi_rresp_i                                                                                                                              | DeterminantMicroBlaze_i/axi_uartlite_0/U0/AXI_LITE_IPIF_I/I_SLAVE_ATTACHMENT/rst                                                                            |                3 |              8 |
|  DeterminantMicroBlaze_i/clk_wiz_0/inst/clk_out1                            | DeterminantMicroBlaze_i/axi_timer_0/U0/AXI4_LITE_I/I_SLAVE_ATTACHMENT/I_DECODER/bus2ip_wrce[1]                                                                                                                          | DeterminantMicroBlaze_i/axi_timer_0/U0/TC_CORE_I/GEN_SECOND_TIMER.COUNTER_1_I/COUNTER_I/s_axi_aresetn_0                                                     |                5 |              9 |
|  DeterminantMicroBlaze_i/mdm_1/U0/No_Dbg_Reg_Access.BUFG_DRCK/Ext_JTAG_DRCK | DeterminantMicroBlaze_i/mdm_1/U0/MDM_Core_I1/JTAG_CONTROL_I/Use_BSCAN.FDC_I/E[0]                                                                                                                                        |                                                                                                                                                             |                4 |             10 |
|  DeterminantMicroBlaze_i/clk_wiz_0/inst/clk_out1                            |                                                                                                                                                                                                                         | DeterminantMicroBlaze_i/axi_uartlite_0/U0/AXI_LITE_IPIF_I/I_SLAVE_ATTACHMENT/rst                                                                            |                4 |             10 |
|  DeterminantMicroBlaze_i/clk_wiz_0/inst/clk_out1                            |                                                                                                                                                                                                                         | DeterminantMicroBlaze_i/axi_timer_0/U0/AXI4_LITE_I/I_SLAVE_ATTACHMENT/rst                                                                                   |                5 |             11 |
|  DeterminantMicroBlaze_i/clk_wiz_0/inst/clk_out1                            |                                                                                                                                                                                                                         | DeterminantMicroBlaze_i/axi_timer_0/U0/TC_CORE_I/GEN_SECOND_TIMER.COUNTER_1_I/COUNTER_I/s_axi_aresetn_0                                                     |                3 |             11 |
|  DeterminantMicroBlaze_i/clk_wiz_0/inst/clk_out1                            | DeterminantMicroBlaze_i/microblaze_0/U0/MicroBlaze_Core_I/Performance.Core/Decode_I/PreFetch_Buffer_I1/OF_Valid_DFF/Using_FPGA.Native_1[0]                                                                              | DeterminantMicroBlaze_i/microblaze_0/U0/MicroBlaze_Core_I/sync_reset                                                                                        |                7 |             16 |
|  DeterminantMicroBlaze_i/clk_wiz_0/inst/clk_out1                            | DeterminantMicroBlaze_i/microblaze_0_axi_periph/xbar/inst/gen_sasd.crossbar_sasd_0/reg_slice_r/aa_rready                                                                                                                |                                                                                                                                                             |                5 |             16 |
|  DeterminantMicroBlaze_i/clk_wiz_0/inst/clk_out1                            | DeterminantMicroBlaze_i/microblaze_0_axi_periph/xbar/inst/gen_sasd.crossbar_sasd_0/addr_arbiter_inst/p_0_in1_in                                                                                                         | DeterminantMicroBlaze_i/microblaze_0_axi_periph/xbar/inst/gen_sasd.crossbar_sasd_0/addr_arbiter_inst/SR[0]                                                  |                5 |             20 |
|  DeterminantMicroBlaze_i/clk_wiz_0/inst/clk_out1                            | DeterminantMicroBlaze_i/microblaze_0/U0/MicroBlaze_Core_I/Performance.Core/Decode_I/mem_wait_on_ready_N_carry_or/MUXCY_I/lopt_1                                                                                         | DeterminantMicroBlaze_i/microblaze_0/U0/MicroBlaze_Core_I/sync_reset                                                                                        |                6 |             20 |
|  DeterminantMicroBlaze_i/clk_wiz_0/inst/clk_out1                            |                                                                                                                                                                                                                         | DeterminantMicroBlaze_i/microblaze_0_axi_periph/xbar/inst/gen_sasd.crossbar_sasd_0/addr_arbiter_inst/SR[0]                                                  |                5 |             20 |
|  DeterminantMicroBlaze_i/mdm_1/U0/No_Dbg_Reg_Access.BUFG_DRCK/Ext_JTAG_DRCK |                                                                                                                                                                                                                         | DeterminantMicroBlaze_i/mdm_1/U0/Use_E2.BSCAN_I/shift_n_reset1_out                                                                                          |                5 |             23 |
|  DeterminantMicroBlaze_i/clk_wiz_0/inst/clk_out1                            | DeterminantMicroBlaze_i/axi_uartlite_0/U0/UARTLITE_CORE_I/BAUD_RATE_I/p_2_out[0]                                                                                                                                        | DeterminantMicroBlaze_i/axi_uartlite_0/U0/UARTLITE_CORE_I/UARTLITE_RX_I/s_axi_aresetn_0                                                                     |                8 |             28 |
|  DeterminantMicroBlaze_i/clk_wiz_0/inst/clk_out1                            |                                                                                                                                                                                                                         | DeterminantMicroBlaze_i/axi_uartlite_0/U0/UARTLITE_CORE_I/UARTLITE_RX_I/s_axi_aresetn_0                                                                     |               12 |             30 |
|  DeterminantMicroBlaze_i/clk_wiz_0/inst/clk_out1                            | DeterminantMicroBlaze_i/axi_gpio_3/U0/AXI_LITE_IPIF_I/I_SLAVE_ATTACHMENT/I_DECODER/E[0]                                                                                                                                 | DeterminantMicroBlaze_i/axi_gpio_3/U0/AXI_LITE_IPIF_I/I_SLAVE_ATTACHMENT/SR[0]                                                                              |                9 |             32 |
|  DeterminantMicroBlaze_i/clk_wiz_0/inst/clk_out1                            | DeterminantMicroBlaze_i/axi_gpio_2/U0/AXI_LITE_IPIF_I/I_SLAVE_ATTACHMENT/s_axi_rresp_i                                                                                                                                  | DeterminantMicroBlaze_i/axi_gpio_2/U0/AXI_LITE_IPIF_I/I_SLAVE_ATTACHMENT/SR[0]                                                                              |                9 |             32 |
|  DeterminantMicroBlaze_i/clk_wiz_0/inst/clk_out1                            | DeterminantMicroBlaze_i/axi_gpio_7/U0/AXI_LITE_IPIF_I/I_SLAVE_ATTACHMENT/I_DECODER/E[0]                                                                                                                                 | DeterminantMicroBlaze_i/axi_gpio_7/U0/AXI_LITE_IPIF_I/I_SLAVE_ATTACHMENT/SR[0]                                                                              |                9 |             32 |
|  DeterminantMicroBlaze_i/clk_wiz_0/inst/clk_out1                            | DeterminantMicroBlaze_i/axi_gpio_7/U0/AXI_LITE_IPIF_I/I_SLAVE_ATTACHMENT/s_axi_rresp_i                                                                                                                                  | DeterminantMicroBlaze_i/axi_gpio_7/U0/AXI_LITE_IPIF_I/I_SLAVE_ATTACHMENT/SR[0]                                                                              |               11 |             32 |
|  DeterminantMicroBlaze_i/clk_wiz_0/inst/clk_out1                            | DeterminantMicroBlaze_i/axi_gpio_9/U0/AXI_LITE_IPIF_I/I_SLAVE_ATTACHMENT/I_DECODER/E[0]                                                                                                                                 | DeterminantMicroBlaze_i/axi_gpio_9/U0/AXI_LITE_IPIF_I/I_SLAVE_ATTACHMENT/SR[0]                                                                              |                9 |             32 |
|  DeterminantMicroBlaze_i/clk_wiz_0/inst/clk_out1                            | DeterminantMicroBlaze_i/axi_timer_0/U0/TC_CORE_I/TIMER_CONTROL_I/INPUT_DOUBLE_REGS3/generateOutPre0_reg                                                                                                                 | DeterminantMicroBlaze_i/axi_timer_0/U0/TC_CORE_I/GEN_SECOND_TIMER.COUNTER_1_I/COUNTER_I/s_axi_aresetn_0                                                     |                5 |             32 |
|  DeterminantMicroBlaze_i/clk_wiz_0/inst/clk_out1                            | DeterminantMicroBlaze_i/axi_timer_0/U0/TC_CORE_I/TIMER_CONTROL_I/INPUT_DOUBLE_REGS3/TCSR0_GENERATE[20].TCSR0_FF_I                                                                                                       | DeterminantMicroBlaze_i/axi_timer_0/U0/TC_CORE_I/GEN_SECOND_TIMER.COUNTER_1_I/COUNTER_I/s_axi_aresetn_0                                                     |                5 |             32 |
|  DeterminantMicroBlaze_i/clk_wiz_0/inst/clk_out1                            | DeterminantMicroBlaze_i/axi_gpio_9/U0/AXI_LITE_IPIF_I/I_SLAVE_ATTACHMENT/s_axi_rresp_i                                                                                                                                  | DeterminantMicroBlaze_i/axi_gpio_9/U0/AXI_LITE_IPIF_I/I_SLAVE_ATTACHMENT/SR[0]                                                                              |                8 |             32 |
|  DeterminantMicroBlaze_i/clk_wiz_0/inst/clk_out1                            |                                                                                                                                                                                                                         | DeterminantMicroBlaze_i/microblaze_0/U0/MicroBlaze_Core_I/Performance.Core/p_1_out                                                                          |               13 |             32 |
|  DeterminantMicroBlaze_i/clk_wiz_0/inst/clk_out1                            |                                                                                                                                                                                                                         | DeterminantMicroBlaze_i/axi_gpio_8/U0/gpio_core_1/Read_Reg_Rst__0                                                                                           |                5 |             32 |
|  DeterminantMicroBlaze_i/clk_wiz_0/inst/clk_out1                            |                                                                                                                                                                                                                         | DeterminantMicroBlaze_i/axi_gpio_3/U0/gpio_core_1/Read_Reg_Rst__0                                                                                           |                8 |             32 |
|  DeterminantMicroBlaze_i/clk_wiz_0/inst/clk_out1                            | DeterminantMicroBlaze_i/axi_timer_0/U0/AXI4_LITE_I/I_SLAVE_ATTACHMENT/s_axi_rresp_i                                                                                                                                     | DeterminantMicroBlaze_i/axi_timer_0/U0/AXI4_LITE_I/I_SLAVE_ATTACHMENT/rst                                                                                   |               32 |             32 |
|  DeterminantMicroBlaze_i/clk_wiz_0/inst/clk_out1                            |                                                                                                                                                                                                                         | DeterminantMicroBlaze_i/axi_gpio_5/U0/gpio_core_1/Read_Reg_Rst__0                                                                                           |                9 |             32 |
|  DeterminantMicroBlaze_i/clk_wiz_0/inst/clk_out1                            |                                                                                                                                                                                                                         | DeterminantMicroBlaze_i/axi_gpio_4/U0/gpio_core_1/Read_Reg_Rst__0                                                                                           |               11 |             32 |
|  DeterminantMicroBlaze_i/clk_wiz_0/inst/clk_out1                            |                                                                                                                                                                                                                         | DeterminantMicroBlaze_i/axi_gpio_1/U0/gpio_core_1/Read_Reg_Rst__0                                                                                           |                6 |             32 |
|  DeterminantMicroBlaze_i/clk_wiz_0/inst/clk_out1                            |                                                                                                                                                                                                                         | DeterminantMicroBlaze_i/axi_gpio_2/U0/gpio_core_1/Read_Reg_Rst__0                                                                                           |               10 |             32 |
|  DeterminantMicroBlaze_i/clk_wiz_0/inst/clk_out1                            |                                                                                                                                                                                                                         | DeterminantMicroBlaze_i/axi_gpio_9/U0/AXI_LITE_IPIF_I/I_SLAVE_ATTACHMENT/I_DECODER/bus2ip_rnw_i_reg_0                                                       |               14 |             32 |
|  DeterminantMicroBlaze_i/clk_wiz_0/inst/clk_out1                            |                                                                                                                                                                                                                         | DeterminantMicroBlaze_i/axi_gpio_6/U0/gpio_core_1/Read_Reg_Rst__0                                                                                           |               14 |             32 |
|  DeterminantMicroBlaze_i/clk_wiz_0/inst/clk_out1                            |                                                                                                                                                                                                                         | DeterminantMicroBlaze_i/axi_gpio_7/U0/gpio_core_1/Read_Reg_Rst__0                                                                                           |                5 |             32 |
|  DeterminantMicroBlaze_i/clk_wiz_0/inst/clk_out1                            | DeterminantMicroBlaze_i/microblaze_0/U0/MicroBlaze_Core_I/Performance.Core/Decode_I/Use_MuxCy[3].OF_Piperun_Stage/MUXCY_I/Using_FPGA.Native_0                                                                           | DeterminantMicroBlaze_i/microblaze_0/U0/MicroBlaze_Core_I/Performance.Core/Decode_I/R                                                                       |               13 |             32 |
|  DeterminantMicroBlaze_i/clk_wiz_0/inst/clk_out1                            | DeterminantMicroBlaze_i/microblaze_0/U0/MicroBlaze_Core_I/Performance.Core/Decode_I/Use_MuxCy[3].OF_Piperun_Stage/MUXCY_I/wb_exception_kind_i_reg[28][0]                                                                | DeterminantMicroBlaze_i/microblaze_0/U0/MicroBlaze_Core_I/sync_reset                                                                                        |                6 |             32 |
|  DeterminantMicroBlaze_i/clk_wiz_0/inst/clk_out1                            | DeterminantMicroBlaze_i/microblaze_0/U0/MicroBlaze_Core_I/Performance.Core/Decode_I/mem_wait_on_ready_N_carry_or/MUXCY_I/lopt_1                                                                                         |                                                                                                                                                             |                5 |             32 |
|  DeterminantMicroBlaze_i/clk_wiz_0/inst/clk_out1                            | DeterminantMicroBlaze_i/microblaze_0/U0/MicroBlaze_Core_I/Performance.Core/Decode_I/mem_wait_on_ready_N_carry_or/MUXCY_I/lopt_1                                                                                         | DeterminantMicroBlaze_i/microblaze_0/U0/MicroBlaze_Core_I/Performance.Core/Decode_I/SR[0]                                                                   |                9 |             32 |
|  DeterminantMicroBlaze_i/clk_wiz_0/inst/clk_out1                            | DeterminantMicroBlaze_i/microblaze_0_axi_periph/xbar/inst/gen_sasd.crossbar_sasd_0/reg_slice_r/s_axi_rvalid[0]                                                                                                          | DeterminantMicroBlaze_i/microblaze_0/U0/MicroBlaze_Core_I/sync_reset                                                                                        |               14 |             32 |
|  DeterminantMicroBlaze_i/clk_wiz_0/inst/clk_out1                            | DeterminantMicroBlaze_i/microblaze_0/U0/MicroBlaze_Core_I/Performance.Core/Decode_I/PreFetch_Buffer_I1/Gen_Mux_Select_LUT6[2].Gen_Sel_DFF/if_fetch_in_progress_reg[0]                                                   | DeterminantMicroBlaze_i/microblaze_0/U0/MicroBlaze_Core_I/sync_reset                                                                                        |                7 |             32 |
|  DeterminantMicroBlaze_i/clk_wiz_0/inst/clk_out1                            | DeterminantMicroBlaze_i/axi_gpio_8/U0/AXI_LITE_IPIF_I/I_SLAVE_ATTACHMENT/s_axi_rresp_i                                                                                                                                  | DeterminantMicroBlaze_i/axi_gpio_8/U0/AXI_LITE_IPIF_I/I_SLAVE_ATTACHMENT/SR[0]                                                                              |                9 |             32 |
|  DeterminantMicroBlaze_i/clk_wiz_0/inst/clk_out1                            | DeterminantMicroBlaze_i/axi_gpio_3/U0/AXI_LITE_IPIF_I/I_SLAVE_ATTACHMENT/s_axi_rresp_i                                                                                                                                  | DeterminantMicroBlaze_i/axi_gpio_3/U0/AXI_LITE_IPIF_I/I_SLAVE_ATTACHMENT/SR[0]                                                                              |                9 |             32 |
|  DeterminantMicroBlaze_i/clk_wiz_0/inst/clk_out1                            | DeterminantMicroBlaze_i/axi_gpio_8/U0/AXI_LITE_IPIF_I/I_SLAVE_ATTACHMENT/I_DECODER/E[0]                                                                                                                                 | DeterminantMicroBlaze_i/axi_gpio_8/U0/AXI_LITE_IPIF_I/I_SLAVE_ATTACHMENT/SR[0]                                                                              |                7 |             32 |
|  DeterminantMicroBlaze_i/clk_wiz_0/inst/clk_out1                            | DeterminantMicroBlaze_i/microblaze_0/U0/MicroBlaze_Core_I/Performance.Core/Use_Debug_Logic.Master_Core.Debug_Perf/data_rd_reg[0]_i_1_n_0                                                                                | DeterminantMicroBlaze_i/microblaze_0/U0/MicroBlaze_Core_I/sync_reset                                                                                        |               13 |             32 |
|  DeterminantMicroBlaze_i/mdm_1/U0/No_Dbg_Reg_Access.BUFG_DRCK/Ext_JTAG_DRCK | DeterminantMicroBlaze_i/microblaze_0/U0/MicroBlaze_Core_I/Performance.Core/Use_Debug_Logic.Master_Core.Debug_Perf/New_Dbg_Instr_TCK                                                                                     |                                                                                                                                                             |               13 |             32 |
|  DeterminantMicroBlaze_i/clk_wiz_0/inst/clk_out1                            | DeterminantMicroBlaze_i/axi_gpio_5/U0/AXI_LITE_IPIF_I/I_SLAVE_ATTACHMENT/I_DECODER/E[0]                                                                                                                                 | DeterminantMicroBlaze_i/axi_gpio_5/U0/AXI_LITE_IPIF_I/I_SLAVE_ATTACHMENT/SR[0]                                                                              |               15 |             32 |
|  DeterminantMicroBlaze_i/clk_wiz_0/inst/clk_out1                            | DeterminantMicroBlaze_i/axi_gpio_5/U0/AXI_LITE_IPIF_I/I_SLAVE_ATTACHMENT/s_axi_rresp_i                                                                                                                                  | DeterminantMicroBlaze_i/axi_gpio_5/U0/AXI_LITE_IPIF_I/I_SLAVE_ATTACHMENT/SR[0]                                                                              |                8 |             32 |
|  DeterminantMicroBlaze_i/clk_wiz_0/inst/clk_out1                            | DeterminantMicroBlaze_i/axi_gpio_6/U0/AXI_LITE_IPIF_I/I_SLAVE_ATTACHMENT/I_DECODER/E[0]                                                                                                                                 | DeterminantMicroBlaze_i/axi_gpio_6/U0/AXI_LITE_IPIF_I/I_SLAVE_ATTACHMENT/SR[0]                                                                              |               14 |             32 |
|  DeterminantMicroBlaze_i/clk_wiz_0/inst/clk_out1                            |                                                                                                                                                                                                                         | DeterminantMicroBlaze_i/axi_gpio_0/U0/gpio_core_1/Read_Reg_Rst__0                                                                                           |                7 |             32 |
|  DeterminantMicroBlaze_i/clk_wiz_0/inst/clk_out1                            | DeterminantMicroBlaze_i/axi_gpio_6/U0/AXI_LITE_IPIF_I/I_SLAVE_ATTACHMENT/s_axi_rresp_i                                                                                                                                  | DeterminantMicroBlaze_i/axi_gpio_6/U0/AXI_LITE_IPIF_I/I_SLAVE_ATTACHMENT/SR[0]                                                                              |                9 |             32 |
|  DeterminantMicroBlaze_i/clk_wiz_0/inst/clk_out1                            | DeterminantMicroBlaze_i/axi_gpio_0/U0/AXI_LITE_IPIF_I/I_SLAVE_ATTACHMENT/I_DECODER/E[0]                                                                                                                                 | DeterminantMicroBlaze_i/axi_gpio_0/U0/AXI_LITE_IPIF_I/I_SLAVE_ATTACHMENT/SR[0]                                                                              |                7 |             32 |
|  DeterminantMicroBlaze_i/clk_wiz_0/inst/clk_out1                            | DeterminantMicroBlaze_i/axi_gpio_0/U0/AXI_LITE_IPIF_I/I_SLAVE_ATTACHMENT/s_axi_rresp_i                                                                                                                                  | DeterminantMicroBlaze_i/axi_gpio_0/U0/AXI_LITE_IPIF_I/I_SLAVE_ATTACHMENT/SR[0]                                                                              |                7 |             32 |
|  DeterminantMicroBlaze_i/clk_wiz_0/inst/clk_out1                            | DeterminantMicroBlaze_i/axi_timer_0/U0/TC_CORE_I/TIMER_CONTROL_I/CE_0                                                                                                                                                   | DeterminantMicroBlaze_i/axi_timer_0/U0/TC_CORE_I/GEN_SECOND_TIMER.COUNTER_1_I/COUNTER_I/s_axi_aresetn_0                                                     |               11 |             32 |
|  DeterminantMicroBlaze_i/clk_wiz_0/inst/clk_out1                            | DeterminantMicroBlaze_i/axi_timer_0/U0/TC_CORE_I/TIMER_CONTROL_I/CE                                                                                                                                                     | DeterminantMicroBlaze_i/axi_timer_0/U0/TC_CORE_I/GEN_SECOND_TIMER.COUNTER_1_I/COUNTER_I/s_axi_aresetn_0                                                     |               10 |             32 |
|  DeterminantMicroBlaze_i/clk_wiz_0/inst/clk_out1                            | DeterminantMicroBlaze_i/axi_gpio_4/U0/AXI_LITE_IPIF_I/I_SLAVE_ATTACHMENT/I_DECODER/E[0]                                                                                                                                 | DeterminantMicroBlaze_i/axi_gpio_4/U0/AXI_LITE_IPIF_I/I_SLAVE_ATTACHMENT/SR[0]                                                                              |                7 |             32 |
|  DeterminantMicroBlaze_i/clk_wiz_0/inst/clk_out1                            | DeterminantMicroBlaze_i/axi_gpio_4/U0/AXI_LITE_IPIF_I/I_SLAVE_ATTACHMENT/s_axi_rresp_i                                                                                                                                  | DeterminantMicroBlaze_i/axi_gpio_4/U0/AXI_LITE_IPIF_I/I_SLAVE_ATTACHMENT/SR[0]                                                                              |                9 |             32 |
|  DeterminantMicroBlaze_i/clk_wiz_0/inst/clk_out1                            | DeterminantMicroBlaze_i/axi_gpio_1/U0/AXI_LITE_IPIF_I/I_SLAVE_ATTACHMENT/I_DECODER/E[0]                                                                                                                                 | DeterminantMicroBlaze_i/axi_gpio_1/U0/AXI_LITE_IPIF_I/I_SLAVE_ATTACHMENT/SR[0]                                                                              |                9 |             32 |
|  DeterminantMicroBlaze_i/clk_wiz_0/inst/clk_out1                            | DeterminantMicroBlaze_i/axi_gpio_1/U0/AXI_LITE_IPIF_I/I_SLAVE_ATTACHMENT/s_axi_rresp_i                                                                                                                                  | DeterminantMicroBlaze_i/axi_gpio_1/U0/AXI_LITE_IPIF_I/I_SLAVE_ATTACHMENT/SR[0]                                                                              |               10 |             32 |
|  clk_IBUF_BUFG                                                              |                                                                                                                                                                                                                         | reset_IBUF                                                                                                                                                  |                8 |             32 |
|  DeterminantMicroBlaze_i/clk_wiz_0/inst/clk_out1                            | DeterminantMicroBlaze_i/microblaze_0_axi_periph/xbar/inst/gen_sasd.crossbar_sasd_0/addr_arbiter_inst/E[0]                                                                                                               |                                                                                                                                                             |               10 |             33 |
|  DeterminantMicroBlaze_i/clk_wiz_0/inst/clk_out1                            |                                                                                                                                                                                                                         | DeterminantMicroBlaze_i/axi_gpio_2/U0/AXI_LITE_IPIF_I/I_SLAVE_ATTACHMENT/SR[0]                                                                              |               18 |             47 |
|  DeterminantMicroBlaze_i/clk_wiz_0/inst/clk_out1                            |                                                                                                                                                                                                                         | DeterminantMicroBlaze_i/axi_gpio_3/U0/AXI_LITE_IPIF_I/I_SLAVE_ATTACHMENT/SR[0]                                                                              |               15 |             47 |
|  DeterminantMicroBlaze_i/clk_wiz_0/inst/clk_out1                            |                                                                                                                                                                                                                         | DeterminantMicroBlaze_i/axi_gpio_1/U0/AXI_LITE_IPIF_I/I_SLAVE_ATTACHMENT/SR[0]                                                                              |               15 |             47 |
|  DeterminantMicroBlaze_i/clk_wiz_0/inst/clk_out1                            |                                                                                                                                                                                                                         | DeterminantMicroBlaze_i/axi_gpio_4/U0/AXI_LITE_IPIF_I/I_SLAVE_ATTACHMENT/SR[0]                                                                              |               17 |             47 |
|  DeterminantMicroBlaze_i/clk_wiz_0/inst/clk_out1                            |                                                                                                                                                                                                                         | DeterminantMicroBlaze_i/axi_gpio_9/U0/AXI_LITE_IPIF_I/I_SLAVE_ATTACHMENT/SR[0]                                                                              |               15 |             47 |
|  DeterminantMicroBlaze_i/clk_wiz_0/inst/clk_out1                            |                                                                                                                                                                                                                         | DeterminantMicroBlaze_i/axi_gpio_0/U0/AXI_LITE_IPIF_I/I_SLAVE_ATTACHMENT/SR[0]                                                                              |               14 |             47 |
|  DeterminantMicroBlaze_i/clk_wiz_0/inst/clk_out1                            |                                                                                                                                                                                                                         | DeterminantMicroBlaze_i/axi_gpio_6/U0/AXI_LITE_IPIF_I/I_SLAVE_ATTACHMENT/SR[0]                                                                              |               14 |             47 |
|  DeterminantMicroBlaze_i/clk_wiz_0/inst/clk_out1                            |                                                                                                                                                                                                                         | DeterminantMicroBlaze_i/axi_gpio_7/U0/AXI_LITE_IPIF_I/I_SLAVE_ATTACHMENT/SR[0]                                                                              |               14 |             47 |
|  DeterminantMicroBlaze_i/clk_wiz_0/inst/clk_out1                            |                                                                                                                                                                                                                         | DeterminantMicroBlaze_i/axi_gpio_5/U0/AXI_LITE_IPIF_I/I_SLAVE_ATTACHMENT/SR[0]                                                                              |               16 |             47 |
|  DeterminantMicroBlaze_i/mdm_1/U0/No_Dbg_Reg_Access.BUFG_DRCK/Ext_JTAG_DRCK | DeterminantMicroBlaze_i/mdm_1/U0/Use_E2.BSCAN_I/Use_BSCAN.PORT_Selector_reg[0]                                                                                                                                          |                                                                                                                                                             |               13 |             47 |
|  DeterminantMicroBlaze_i/clk_wiz_0/inst/clk_out1                            |                                                                                                                                                                                                                         | DeterminantMicroBlaze_i/axi_gpio_8/U0/AXI_LITE_IPIF_I/I_SLAVE_ATTACHMENT/SR[0]                                                                              |               14 |             47 |
|  DeterminantMicroBlaze_i/clk_wiz_0/inst/clk_out1                            | DeterminantMicroBlaze_i/axi_gpio_2/U0/AXI_LITE_IPIF_I/I_SLAVE_ATTACHMENT/I_DECODER/E[0]                                                                                                                                 | DeterminantMicroBlaze_i/axi_gpio_2/U0/AXI_LITE_IPIF_I/I_SLAVE_ATTACHMENT/SR[0]                                                                              |               13 |             48 |
|  DeterminantMicroBlaze_i/clk_wiz_0/inst/clk_out1                            | DeterminantMicroBlaze_i/microblaze_0/U0/MicroBlaze_Core_I/Performance.Core/Decode_I/PreFetch_Buffer_I1/Instruction_Prefetch_Mux[42].Instr_Mux_MUXF7/IReady_0                                                            |                                                                                                                                                             |               10 |             75 |
|  DeterminantMicroBlaze_i/clk_wiz_0/inst/clk_out1                            | DeterminantMicroBlaze_i/microblaze_0/U0/MicroBlaze_Core_I/Performance.Core/Decode_I/Use_MuxCy[3].OF_Piperun_Stage/MUXCY_I/Using_FPGA.Native_0                                                                           | DeterminantMicroBlaze_i/microblaze_0/U0/MicroBlaze_Core_I/sync_reset                                                                                        |               27 |             76 |
|  DeterminantMicroBlaze_i/mdm_1/U0/No_Dbg_Reg_Access.BUFG_DRCK/Ext_JTAG_DRCK |                                                                                                                                                                                                                         |                                                                                                                                                             |               32 |             80 |
|  clk_IBUF_BUFG                                                              | DeterminantMicroBlaze_i/DeterminantTopModule_0/inst/one/Y[31]_i_1_n_0                                                                                                                                                   |                                                                                                                                                             |               23 |             96 |
|  DeterminantMicroBlaze_i/clk_wiz_0/inst/clk_out1                            | DeterminantMicroBlaze_i/microblaze_0/U0/MicroBlaze_Core_I/Performance.Core/Decode_I/Performance_Debug_Control.dbg_state_nohalt_reg[34]                                                                                  |                                                                                                                                                             |               16 |            128 |
|  DeterminantMicroBlaze_i/clk_wiz_0/inst/clk_out1                            |                                                                                                                                                                                                                         | DeterminantMicroBlaze_i/microblaze_0/U0/MicroBlaze_Core_I/sync_reset                                                                                        |               66 |            149 |
|  DeterminantMicroBlaze_i/clk_wiz_0/inst/clk_out1                            | DeterminantMicroBlaze_i/microblaze_0/U0/MicroBlaze_Core_I/Performance.Core/Decode_I/Use_MuxCy[11].OF_Piperun_Stage/MUXCY_I/of_pause_reg                                                                                 | DeterminantMicroBlaze_i/microblaze_0/U0/MicroBlaze_Core_I/sync_reset                                                                                        |               87 |            218 |
|  DeterminantMicroBlaze_i/clk_wiz_0/inst/clk_out1                            |                                                                                                                                                                                                                         |                                                                                                                                                             |              128 |            340 |
+-----------------------------------------------------------------------------+-------------------------------------------------------------------------------------------------------------------------------------------------------------------------------------------------------------------------+-------------------------------------------------------------------------------------------------------------------------------------------------------------+------------------+----------------+


