Copyright 1986-2019 Xilinx, Inc. All Rights Reserved.
-------------------------------------------------------------------------------------------------------------------------------------------------------------------------------------------------------------
| Tool Version     : Vivado v.2019.1 (win64) Build 2552052 Fri May 24 14:49:42 MDT 2019
| Date             : Mon May 10 19:05:22 2021
| Host             : DESKTOP-NDOLUA7 running 64-bit major release  (build 9200)
| Command          : report_power -file DeterminantMicroBlaze_wrapper_power_routed.rpt -pb DeterminantMicroBlaze_wrapper_power_summary_routed.pb -rpx DeterminantMicroBlaze_wrapper_power_routed.rpx
| Design           : DeterminantMicroBlaze_wrapper
| Device           : xc7a100tcsg324-1
| Design State     : routed
| Grade            : commercial
| Process          : typical
| Characterization : Production
-------------------------------------------------------------------------------------------------------------------------------------------------------------------------------------------------------------

Power Report

Table of Contents
-----------------
1. Summary
1.1 On-Chip Components
1.2 Power Supply Summary
1.3 Confidence Level
2. Settings
2.1 Environment
2.2 Clock Constraints
3. Detailed Reports
3.1 By Hierarchy

1. Summary
----------

+--------------------------+--------------+
| Total On-Chip Power (W)  | 0.253        |
| Design Power Budget (W)  | Unspecified* |
| Power Budget Margin (W)  | NA           |
| Dynamic (W)              | 0.155        |
| Device Static (W)        | 0.098        |
| Effective TJA (C/W)      | 4.6          |
| Max Ambient (C)          | 83.8         |
| Junction Temperature (C) | 26.2         |
| Confidence Level         | Low          |
| Setting File             | ---          |
| Simulation Activity File | ---          |
| Design Nets Matched      | NA           |
+--------------------------+--------------+
* Specify Design Power Budget using, set_operating_conditions -design_power_budget <value in Watts>


1.1 On-Chip Components
----------------------

+--------------------------+-----------+----------+-----------+-----------------+
| On-Chip                  | Power (W) | Used     | Available | Utilization (%) |
+--------------------------+-----------+----------+-----------+-----------------+
| Clocks                   |     0.019 |        7 |       --- |             --- |
| Slice Logic              |     0.008 |     7688 |       --- |             --- |
|   LUT as Logic           |     0.006 |     2770 |     63400 |            4.37 |
|   LUT as Distributed RAM |    <0.001 |       64 |     19000 |            0.34 |
|   CARRY4                 |    <0.001 |      154 |     15850 |            0.97 |
|   Register               |    <0.001 |     3448 |    126800 |            2.72 |
|   F7/F8 Muxes            |    <0.001 |      111 |     63400 |            0.18 |
|   LUT as Shift Register  |    <0.001 |       74 |     19000 |            0.39 |
|   Others                 |    <0.001 |      555 |       --- |             --- |
| Signals                  |     0.011 |     6407 |       --- |             --- |
| Block RAM                |     0.002 |        8 |       135 |            5.93 |
| MMCM                     |     0.106 |        1 |         6 |           16.67 |
| DSPs                     |     0.010 |       27 |       240 |           11.25 |
| I/O                      |    <0.001 |       20 |       210 |            9.52 |
| Static Power             |     0.098 |          |           |                 |
| Total                    |     0.253 |          |           |                 |
+--------------------------+-----------+----------+-----------+-----------------+


1.2 Power Supply Summary
------------------------

+-----------+-------------+-----------+-------------+------------+
| Source    | Voltage (V) | Total (A) | Dynamic (A) | Static (A) |
+-----------+-------------+-----------+-------------+------------+
| Vccint    |       1.000 |     0.065 |       0.050 |      0.016 |
| Vccaux    |       1.800 |     0.077 |       0.059 |      0.018 |
| Vcco33    |       3.300 |     0.004 |       0.000 |      0.004 |
| Vcco25    |       2.500 |     0.000 |       0.000 |      0.000 |
| Vcco18    |       1.800 |     0.000 |       0.000 |      0.000 |
| Vcco15    |       1.500 |     0.000 |       0.000 |      0.000 |
| Vcco135   |       1.350 |     0.000 |       0.000 |      0.000 |
| Vcco12    |       1.200 |     0.000 |       0.000 |      0.000 |
| Vccaux_io |       1.800 |     0.000 |       0.000 |      0.000 |
| Vccbram   |       1.000 |     0.001 |       0.000 |      0.000 |
| MGTAVcc   |       1.000 |     0.000 |       0.000 |      0.000 |
| MGTAVtt   |       1.200 |     0.000 |       0.000 |      0.000 |
| Vccadc    |       1.800 |     0.020 |       0.000 |      0.020 |
+-----------+-------------+-----------+-------------+------------+


1.3 Confidence Level
--------------------

+-----------------------------+------------+--------------------------------------------------------+------------------------------------------------------------------------------------------------------------+
| User Input Data             | Confidence | Details                                                | Action                                                                                                     |
+-----------------------------+------------+--------------------------------------------------------+------------------------------------------------------------------------------------------------------------+
| Design implementation state | High       | Design is routed                                       |                                                                                                            |
| Clock nodes activity        | High       | User specified more than 95% of clocks                 |                                                                                                            |
| I/O nodes activity          | Low        | More than 75% of inputs are missing user specification | Provide missing input activity with simulation results or by editing the "By Resource Type -> I/Os" view   |
| Internal nodes activity     | Medium     | User specified less than 25% of internal nodes         | Provide missing internal nodes activity with simulation results or by editing the "By Resource Type" views |
| Device models               | High       | Device models are Production                           |                                                                                                            |
|                             |            |                                                        |                                                                                                            |
| Overall confidence level    | Low        |                                                        |                                                                                                            |
+-----------------------------+------------+--------------------------------------------------------+------------------------------------------------------------------------------------------------------------+


2. Settings
-----------

2.1 Environment
---------------

+-----------------------+--------------------------+
| Ambient Temp (C)      | 25.0                     |
| ThetaJA (C/W)         | 4.6                      |
| Airflow (LFM)         | 250                      |
| Heat Sink             | medium (Medium Profile)  |
| ThetaSA (C/W)         | 4.6                      |
| Board Selection       | medium (10"x10")         |
| # of Board Layers     | 12to15 (12 to 15 Layers) |
| Board Temperature (C) | 25.0                     |
+-----------------------+--------------------------+


2.2 Clock Constraints
---------------------

+-------------------------------------------------------------------------+-----------------------------------------------------------------------------------+-----------------+
| Clock                                                                   | Domain                                                                            | Constraint (ns) |
+-------------------------------------------------------------------------+-----------------------------------------------------------------------------------+-----------------+
| DeterminantMicroBlaze_i/clk_wiz_0/inst/clk_in1                          | clk_IBUF_BUFG                                                                     |            10.0 |
| DeterminantMicroBlaze_i/mdm_1/U0/Use_E2.BSCAN_I/Use_E2.BSCANE2_I/DRCK   | DeterminantMicroBlaze_i/mdm_1/U0/Use_E2.BSCAN_I/DRCK                              |            33.3 |
| DeterminantMicroBlaze_i/mdm_1/U0/Use_E2.BSCAN_I/Use_E2.BSCANE2_I/UPDATE | DeterminantMicroBlaze_i/mdm_1/U0/Use_E2.BSCAN_I/Dbg_Update_0                      |            33.3 |
| clk_out1_DeterminantMicroBlaze_clk_wiz_0_0                              | DeterminantMicroBlaze_i/clk_wiz_0/inst/clk_out1_DeterminantMicroBlaze_clk_wiz_0_0 |            10.0 |
| clkfbout_DeterminantMicroBlaze_clk_wiz_0_0                              | DeterminantMicroBlaze_i/clk_wiz_0/inst/clkfbout_DeterminantMicroBlaze_clk_wiz_0_0 |            10.0 |
+-------------------------------------------------------------------------+-----------------------------------------------------------------------------------+-----------------+


3. Detailed Reports
-------------------

3.1 By Hierarchy
----------------

+-------------------------------+-----------+
| Name                          | Power (W) |
+-------------------------------+-----------+
| DeterminantMicroBlaze_wrapper |     0.155 |
|   DeterminantMicroBlaze_i     |     0.155 |
|     DeterminantTopModule_0    |     0.018 |
|       inst                    |     0.018 |
|     axi_gpio_9                |     0.003 |
|       U0                      |     0.003 |
|     axi_timer_0               |     0.004 |
|       U0                      |     0.004 |
|     clk_wiz_0                 |     0.107 |
|       inst                    |     0.107 |
|     microblaze_0              |     0.013 |
|       U0                      |     0.013 |
|     microblaze_0_axi_periph   |     0.001 |
|       xbar                    |     0.001 |
|     microblaze_0_local_memory |     0.002 |
|       lmb_bram                |     0.002 |
+-------------------------------+-----------+


